mode: set
cubeos-api/internal/config/config.go:144.21,182.2 1 1
cubeos-api/internal/config/config.go:185.38,186.24 1 1
cubeos-api/internal/config/config.go:186.24,188.3 1 1
cubeos-api/internal/config/config.go:189.2,189.46 1 1
cubeos-api/internal/config/config.go:189.46,190.38 1 1
cubeos-api/internal/config/config.go:190.38,192.4 1 1
cubeos-api/internal/config/config.go:194.2,194.14 1 1
cubeos-api/internal/config/config.go:197.44,198.38 1 1
cubeos-api/internal/config/config.go:198.38,200.3 1 1
cubeos-api/internal/config/config.go:201.2,201.19 1 1
cubeos-api/internal/config/config.go:204.48,205.38 1 1
cubeos-api/internal/config/config.go:205.38,206.46 1 1
cubeos-api/internal/config/config.go:206.46,208.4 1 1
cubeos-api/internal/config/config.go:210.2,210.19 1 1
cubeos-api/internal/config/config.go:213.48,214.38 1 1
cubeos-api/internal/config/config.go:214.38,215.84 1 0
cubeos-api/internal/config/config.go:215.84,217.4 1 0
cubeos-api/internal/config/config.go:219.2,219.19 1 1
cubeos-api/internal/config/config.go:366.40,371.76 2 1
cubeos-api/internal/config/config.go:371.76,373.3 1 1
cubeos-api/internal/config/config.go:376.2,377.70 1 1
cubeos-api/internal/config/config.go:377.70,379.3 1 1
cubeos-api/internal/config/config.go:382.2,383.71 1 1
cubeos-api/internal/config/config.go:383.71,385.3 1 1
cubeos-api/internal/config/config.go:388.2,389.73 1 1
cubeos-api/internal/config/config.go:389.73,391.3 1 1
cubeos-api/internal/config/config.go:394.2,395.68 1 1
cubeos-api/internal/config/config.go:395.68,397.3 1 1
cubeos-api/internal/config/config.go:400.2,401.72 1 1
cubeos-api/internal/config/config.go:401.72,403.3 1 1
cubeos-api/internal/config/config.go:406.2,407.75 1 1
cubeos-api/internal/config/config.go:407.75,409.3 1 1
cubeos-api/internal/config/config.go:411.2,411.16 1 1
cubeos-api/cmd/cubeos-api/main.go:22.13,32.16 5 0
cubeos-api/cmd/cubeos-api/main.go:32.16,34.3 1 0
cubeos-api/cmd/cubeos-api/main.go:35.2,38.35 2 0
cubeos-api/cmd/cubeos-api/main.go:38.35,40.3 1 0
cubeos-api/cmd/cubeos-api/main.go:43.2,44.16 2 0
cubeos-api/cmd/cubeos-api/main.go:44.16,47.3 2 0
cubeos-api/cmd/cubeos-api/main.go:48.2,48.19 1 0
cubeos-api/cmd/cubeos-api/main.go:48.19,50.3 1 0
cubeos-api/cmd/cubeos-api/main.go:53.2,92.12 24 0
cubeos-api/cmd/cubeos-api/main.go:92.12,95.53 3 0
cubeos-api/cmd/cubeos-api/main.go:95.53,97.4 1 0
cubeos-api/cmd/cubeos-api/main.go:97.9,99.4 1 0
cubeos-api/cmd/cubeos-api/main.go:103.2,123.58 8 0
cubeos-api/cmd/cubeos-api/main.go:123.58,125.3 1 0
cubeos-api/cmd/cubeos-api/main.go:128.2,128.77 1 0
cubeos-api/cmd/cubeos-api/main.go:128.77,131.3 2 0
cubeos-api/cmd/cubeos-api/main.go:132.2,132.69 1 0
cubeos-api/cmd/cubeos-api/main.go:132.69,160.3 3 0
cubeos-api/cmd/cubeos-api/main.go:163.2,167.40 3 0
cubeos-api/cmd/cubeos-api/main.go:167.40,172.30 2 0
cubeos-api/cmd/cubeos-api/main.go:172.30,181.42 5 0
cubeos-api/cmd/cubeos-api/main.go:181.42,197.5 13 0
cubeos-api/cmd/cubeos-api/main.go:200.4,200.43 1 0
cubeos-api/cmd/cubeos-api/main.go:200.43,229.5 20 0
cubeos-api/cmd/cubeos-api/main.go:232.4,232.43 1 0
cubeos-api/cmd/cubeos-api/main.go:232.43,240.5 7 0
cubeos-api/cmd/cubeos-api/main.go:243.4,243.43 1 0
cubeos-api/cmd/cubeos-api/main.go:243.43,249.40 4 0
cubeos-api/cmd/cubeos-api/main.go:249.40,256.6 6 0
cubeos-api/cmd/cubeos-api/main.go:259.5,260.57 2 0
cubeos-api/cmd/cubeos-api/main.go:264.4,264.44 1 0
cubeos-api/cmd/cubeos-api/main.go:264.44,276.5 11 0
cubeos-api/cmd/cubeos-api/main.go:279.4,279.42 1 0
cubeos-api/cmd/cubeos-api/main.go:279.42,282.5 2 0
cubeos-api/cmd/cubeos-api/main.go:289.4,289.40 1 0
cubeos-api/cmd/cubeos-api/main.go:289.40,298.5 8 0
cubeos-api/cmd/cubeos-api/main.go:301.4,301.44 1 0
cubeos-api/cmd/cubeos-api/main.go:301.44,316.5 14 0
cubeos-api/cmd/cubeos-api/main.go:319.4,319.42 1 0
cubeos-api/cmd/cubeos-api/main.go:319.42,328.5 8 0
cubeos-api/cmd/cubeos-api/main.go:331.4,331.45 1 0
cubeos-api/cmd/cubeos-api/main.go:331.45,340.5 8 0
cubeos-api/cmd/cubeos-api/main.go:343.4,343.42 1 0
cubeos-api/cmd/cubeos-api/main.go:343.42,349.5 5 0
cubeos-api/cmd/cubeos-api/main.go:352.4,352.46 1 0
cubeos-api/cmd/cubeos-api/main.go:352.46,359.5 6 0
cubeos-api/cmd/cubeos-api/main.go:362.4,362.41 1 0
cubeos-api/cmd/cubeos-api/main.go:362.41,365.5 2 0
cubeos-api/cmd/cubeos-api/main.go:368.4,378.50 7 0
cubeos-api/cmd/cubeos-api/main.go:382.3,382.43 1 0
cubeos-api/cmd/cubeos-api/main.go:386.2,386.37 1 0
cubeos-api/cmd/cubeos-api/main.go:386.37,394.41 4 0
cubeos-api/cmd/cubeos-api/main.go:394.41,399.4 4 0
cubeos-api/cmd/cubeos-api/main.go:403.2,407.53 4 0
cubeos-api/cmd/cubeos-api/main.go:407.53,409.3 1 0
cubeos-api/cmd/cubeos-api/main.go:412.32,440.16 3 0
cubeos-api/cmd/cubeos-api/main.go:440.16,442.3 1 0
cubeos-api/cmd/cubeos-api/main.go:445.2,447.16 3 0
cubeos-api/cmd/cubeos-api/main.go:447.16,451.17 3 0
cubeos-api/cmd/cubeos-api/main.go:451.17,453.4 1 0
cubeos-api/cmd/cubeos-api/main.go:455.3,459.17 2 0
cubeos-api/cmd/cubeos-api/main.go:459.17,461.4 1 0
cubeos-api/cmd/cubeos-api/main.go:462.3,462.63 1 0
cubeos-api/cmd/cubeos-api/main.go:465.2,465.12 1 0
cubeos-api/internal/database/database.go:15.43,18.47 2 0
cubeos-api/internal/database/database.go:18.47,20.3 1 0
cubeos-api/internal/database/database.go:23.2,26.16 3 0
cubeos-api/internal/database/database.go:26.16,28.3 1 0
cubeos-api/internal/database/database.go:31.2,35.34 3 0
cubeos-api/internal/database/database.go:35.34,38.3 2 0
cubeos-api/internal/database/database.go:40.2,41.16 2 0
cubeos-api/internal/database/database.go:45.30,46.15 1 0
cubeos-api/internal/database/database.go:46.15,48.3 1 0
cubeos-api/internal/database/database.go:49.2,49.19 1 0
cubeos-api/internal/docker/docker.go:25.46,27.2 1 0
cubeos-api/internal/docker/docker.go:30.57,31.21 1 0
cubeos-api/internal/docker/docker.go:31.21,33.3 1 0
cubeos-api/internal/docker/docker.go:34.2,35.19 2 0
cubeos-api/internal/auth/handlers.go:19.76,24.2 1 0
cubeos-api/internal/auth/handlers.go:63.65,65.61 2 0
cubeos-api/internal/auth/handlers.go:65.61,68.3 2 0
cubeos-api/internal/auth/handlers.go:70.2,70.46 1 0
cubeos-api/internal/auth/handlers.go:70.46,73.3 2 0
cubeos-api/internal/auth/handlers.go:76.2,77.16 2 0
cubeos-api/internal/auth/handlers.go:77.16,78.44 1 0
cubeos-api/internal/auth/handlers.go:78.44,82.4 3 0
cubeos-api/internal/auth/handlers.go:83.3,85.9 3 0
cubeos-api/internal/auth/handlers.go:89.2,90.16 2 0
cubeos-api/internal/auth/handlers.go:90.16,94.3 3 0
cubeos-api/internal/auth/handlers.go:96.2,97.16 2 0
cubeos-api/internal/auth/handlers.go:97.16,101.3 3 0
cubeos-api/internal/auth/handlers.go:103.2,114.4 3 0
cubeos-api/internal/auth/handlers.go:118.67,120.61 2 0
cubeos-api/internal/auth/handlers.go:120.61,123.3 2 0
cubeos-api/internal/auth/handlers.go:125.2,125.28 1 0
cubeos-api/internal/auth/handlers.go:125.28,128.3 2 0
cubeos-api/internal/auth/handlers.go:131.2,132.16 2 0
cubeos-api/internal/auth/handlers.go:132.16,136.3 3 0
cubeos-api/internal/auth/handlers.go:139.2,140.16 2 0
cubeos-api/internal/auth/handlers.go:140.16,144.3 3 0
cubeos-api/internal/auth/handlers.go:147.2,148.16 2 0
cubeos-api/internal/auth/handlers.go:148.16,152.3 3 0
cubeos-api/internal/auth/handlers.go:157.2,165.4 2 0
cubeos-api/internal/auth/handlers.go:169.62,171.17 2 0
cubeos-api/internal/auth/handlers.go:171.17,174.3 2 0
cubeos-api/internal/auth/handlers.go:176.2,183.4 1 0
cubeos-api/internal/auth/handlers.go:187.74,189.17 2 0
cubeos-api/internal/auth/handlers.go:189.17,192.3 2 0
cubeos-api/internal/auth/handlers.go:194.2,195.61 2 0
cubeos-api/internal/auth/handlers.go:195.61,198.3 2 0
cubeos-api/internal/auth/handlers.go:200.2,200.56 1 0
cubeos-api/internal/auth/handlers.go:200.56,203.3 2 0
cubeos-api/internal/auth/handlers.go:205.2,205.30 1 0
cubeos-api/internal/auth/handlers.go:205.30,208.3 2 0
cubeos-api/internal/auth/handlers.go:211.2,211.78 1 0
cubeos-api/internal/auth/handlers.go:211.78,214.3 2 0
cubeos-api/internal/auth/handlers.go:217.2,217.92 1 0
cubeos-api/internal/auth/handlers.go:217.92,221.3 3 0
cubeos-api/internal/auth/handlers.go:223.2,227.4 2 0
cubeos-api/internal/auth/handlers.go:233.66,239.2 1 0
cubeos-api/internal/auth/handlers.go:243.72,246.56 3 0
cubeos-api/internal/auth/handlers.go:246.56,248.3 1 0
cubeos-api/internal/auth/handlers.go:251.56,255.2 3 0
cubeos-api/internal/auth/handlers.go:257.59,261.2 3 0
cubeos-api/internal/auth/jwt.go:47.93,54.2 1 0
cubeos-api/internal/auth/jwt.go:57.100,76.16 5 0
cubeos-api/internal/auth/jwt.go:76.16,78.3 1 0
cubeos-api/internal/auth/jwt.go:80.2,80.36 1 0
cubeos-api/internal/auth/jwt.go:84.101,103.16 5 0
cubeos-api/internal/auth/jwt.go:103.16,105.3 1 0
cubeos-api/internal/auth/jwt.go:107.2,107.36 1 0
cubeos-api/internal/auth/jwt.go:111.73,112.104 1 0
cubeos-api/internal/auth/jwt.go:112.104,114.58 1 0
cubeos-api/internal/auth/jwt.go:114.58,116.4 1 0
cubeos-api/internal/auth/jwt.go:117.3,117.26 1 0
cubeos-api/internal/auth/jwt.go:120.2,120.16 1 0
cubeos-api/internal/auth/jwt.go:120.16,122.3 1 0
cubeos-api/internal/auth/jwt.go:124.2,125.25 2 0
cubeos-api/internal/auth/jwt.go:125.25,127.3 1 0
cubeos-api/internal/auth/jwt.go:129.2,129.20 1 0
cubeos-api/internal/auth/jwt.go:133.79,135.16 2 0
cubeos-api/internal/auth/jwt.go:135.16,137.3 1 0
cubeos-api/internal/auth/jwt.go:139.2,139.37 1 0
cubeos-api/internal/auth/jwt.go:139.37,141.3 1 0
cubeos-api/internal/auth/jwt.go:143.2,143.20 1 0
cubeos-api/internal/auth/jwt.go:147.80,149.16 2 0
cubeos-api/internal/auth/jwt.go:149.16,151.3 1 0
cubeos-api/internal/auth/jwt.go:153.2,153.38 1 0
cubeos-api/internal/auth/jwt.go:153.38,155.3 1 0
cubeos-api/internal/auth/jwt.go:157.2,157.20 1 0
cubeos-api/internal/auth/jwt.go:161.31,165.2 3 0
cubeos-api/internal/auth/jwt.go:169.42,171.40 2 0
cubeos-api/internal/auth/jwt.go:171.40,173.3 1 0
cubeos-api/internal/auth/jwt.go:174.2,174.35 1 0
cubeos-api/internal/auth/middleware.go:28.82,33.2 1 0
cubeos-api/internal/auth/middleware.go:36.66,37.71 1 0
cubeos-api/internal/auth/middleware.go:37.71,40.18 2 0
cubeos-api/internal/auth/middleware.go:40.18,43.4 2 0
cubeos-api/internal/auth/middleware.go:46.3,47.17 2 0
cubeos-api/internal/auth/middleware.go:47.17,51.4 3 0
cubeos-api/internal/auth/middleware.go:54.3,55.17 2 0
cubeos-api/internal/auth/middleware.go:55.17,59.4 3 0
cubeos-api/internal/auth/middleware.go:62.3,65.40 3 0
cubeos-api/internal/auth/middleware.go:70.67,71.71 1 0
cubeos-api/internal/auth/middleware.go:71.71,73.18 2 0
cubeos-api/internal/auth/middleware.go:73.18,76.4 2 0
cubeos-api/internal/auth/middleware.go:78.3,78.20 1 0
cubeos-api/internal/auth/middleware.go:78.20,81.4 2 0
cubeos-api/internal/auth/middleware.go:83.3,83.23 1 0
cubeos-api/internal/auth/middleware.go:88.67,89.71 1 0
cubeos-api/internal/auth/middleware.go:89.71,91.18 2 0
cubeos-api/internal/auth/middleware.go:91.18,94.4 2 0
cubeos-api/internal/auth/middleware.go:96.3,97.17 2 0
cubeos-api/internal/auth/middleware.go:97.17,101.4 2 0
cubeos-api/internal/auth/middleware.go:103.3,104.17 2 0
cubeos-api/internal/auth/middleware.go:104.17,107.4 2 0
cubeos-api/internal/auth/middleware.go:109.3,111.40 3 0
cubeos-api/internal/auth/middleware.go:116.52,118.9 2 0
cubeos-api/internal/auth/middleware.go:118.9,120.3 1 0
cubeos-api/internal/auth/middleware.go:121.2,121.13 1 0
cubeos-api/internal/auth/middleware.go:125.56,127.9 2 0
cubeos-api/internal/auth/middleware.go:127.9,129.3 1 0
cubeos-api/internal/auth/middleware.go:130.2,130.15 1 0
cubeos-api/internal/auth/middleware.go:134.49,136.22 2 0
cubeos-api/internal/auth/middleware.go:136.22,138.3 1 0
cubeos-api/internal/auth/middleware.go:141.2,141.73 1 0
cubeos-api/internal/auth/middleware.go:141.73,143.3 1 0
cubeos-api/internal/auth/middleware.go:145.2,145.11 1 0
cubeos-api/internal/auth/middleware.go:149.58,154.2 4 0
cubeos-api/internal/auth/middleware.go:157.55,161.2 3 0
cubeos-api/internal/auth/password.go:14.52,16.16 2 0
cubeos-api/internal/auth/password.go:16.16,18.3 1 0
cubeos-api/internal/auth/password.go:19.2,19.26 1 0
cubeos-api/internal/auth/password.go:24.49,26.2 1 0
cubeos-api/internal/auth/user.go:37.46,39.2 1 0
cubeos-api/internal/auth/user.go:42.61,58.2 3 0
cubeos-api/internal/auth/user.go:61.111,64.21 2 0
cubeos-api/internal/auth/user.go:64.21,66.3 1 0
cubeos-api/internal/auth/user.go:69.2,70.16 2 0
cubeos-api/internal/auth/user.go:70.16,72.3 1 0
cubeos-api/internal/auth/user.go:75.2,80.16 3 0
cubeos-api/internal/auth/user.go:80.16,82.3 1 0
cubeos-api/internal/auth/user.go:84.2,85.16 2 0
cubeos-api/internal/auth/user.go:85.16,87.3 1 0
cubeos-api/internal/auth/user.go:89.2,89.27 1 0
cubeos-api/internal/auth/user.go:93.77,112.26 6 0
cubeos-api/internal/auth/user.go:112.26,114.3 1 0
cubeos-api/internal/auth/user.go:115.2,115.16 1 0
cubeos-api/internal/auth/user.go:115.16,117.3 1 0
cubeos-api/internal/auth/user.go:119.2,119.17 1 0
cubeos-api/internal/auth/user.go:119.17,121.3 1 0
cubeos-api/internal/auth/user.go:122.2,122.21 1 0
cubeos-api/internal/auth/user.go:122.21,124.3 1 0
cubeos-api/internal/auth/user.go:126.2,126.18 1 0
cubeos-api/internal/auth/user.go:130.90,149.26 6 0
cubeos-api/internal/auth/user.go:149.26,151.3 1 0
cubeos-api/internal/auth/user.go:152.2,152.16 1 0
cubeos-api/internal/auth/user.go:152.16,154.3 1 0
cubeos-api/internal/auth/user.go:156.2,156.17 1 0
cubeos-api/internal/auth/user.go:156.17,158.3 1 0
cubeos-api/internal/auth/user.go:159.2,159.21 1 0
cubeos-api/internal/auth/user.go:159.21,161.3 1 0
cubeos-api/internal/auth/user.go:163.2,163.18 1 0
cubeos-api/internal/auth/user.go:167.99,169.16 2 0
cubeos-api/internal/auth/user.go:169.16,170.38 1 0
cubeos-api/internal/auth/user.go:170.38,172.4 1 0
cubeos-api/internal/auth/user.go:173.3,173.18 1 0
cubeos-api/internal/auth/user.go:176.2,176.67 1 0
cubeos-api/internal/auth/user.go:176.67,178.3 1 0
cubeos-api/internal/auth/user.go:181.2,183.18 2 0
cubeos-api/internal/auth/user.go:187.99,189.16 2 0
cubeos-api/internal/auth/user.go:189.16,191.3 1 0
cubeos-api/internal/auth/user.go:193.2,195.16 3 0
cubeos-api/internal/auth/user.go:195.16,197.3 1 0
cubeos-api/internal/auth/user.go:199.2,200.16 2 0
cubeos-api/internal/auth/user.go:200.16,202.3 1 0
cubeos-api/internal/auth/user.go:203.2,203.15 1 0
cubeos-api/internal/auth/user.go:203.15,205.3 1 0
cubeos-api/internal/auth/user.go:207.2,207.12 1 0
cubeos-api/internal/auth/user.go:211.67,215.2 3 0
cubeos-api/internal/auth/user.go:218.101,220.16 2 0
cubeos-api/internal/auth/user.go:220.16,222.3 1 0
cubeos-api/internal/auth/user.go:224.2,224.15 1 0
cubeos-api/internal/auth/user.go:224.15,227.3 1 0
cubeos-api/internal/auth/user.go:230.2,230.58 1 0
cubeos-api/internal/middleware/auth.go:26.66,27.46 1 0
cubeos-api/internal/middleware/auth.go:27.46,28.72 1 0
cubeos-api/internal/middleware/auth.go:28.72,31.24 2 0
cubeos-api/internal/middleware/auth.go:31.24,34.5 2 0
cubeos-api/internal/middleware/auth.go:37.4,38.64 2 0
cubeos-api/internal/middleware/auth.go:38.64,41.5 2 0
cubeos-api/internal/middleware/auth.go:43.4,47.103 3 0
cubeos-api/internal/middleware/auth.go:47.103,49.5 1 0
cubeos-api/internal/middleware/auth.go:51.4,51.34 1 0
cubeos-api/internal/middleware/auth.go:51.34,54.5 2 0
cubeos-api/internal/middleware/auth.go:57.4,58.41 2 0
cubeos-api/internal/middleware/auth.go:64.79,79.2 4 0
cubeos-api/internal/middleware/auth.go:82.54,83.59 1 0
cubeos-api/internal/middleware/auth.go:83.59,85.3 1 0
cubeos-api/internal/middleware/auth.go:86.2,86.12 1 0
cubeos-api/internal/middleware/auth.go:90.63,91.46 1 0
cubeos-api/internal/middleware/auth.go:91.46,92.72 1 0
cubeos-api/internal/middleware/auth.go:92.72,94.21 2 0
cubeos-api/internal/middleware/auth.go:94.21,97.5 2 0
cubeos-api/internal/middleware/auth.go:99.4,99.53 1 0
cubeos-api/internal/middleware/auth.go:99.53,102.5 2 0
cubeos-api/internal/middleware/auth.go:104.4,104.24 1 0
cubeos-api/internal/handlers/appstore.go:21.77,23.2 1 0
cubeos-api/internal/handlers/appstore.go:26.47,74.2 34 0
cubeos-api/internal/handlers/appstore.go:77.77,82.2 2 0
cubeos-api/internal/handlers/appstore.go:85.81,92.61 2 0
cubeos-api/internal/handlers/appstore.go:92.61,95.3 2 0
cubeos-api/internal/handlers/appstore.go:97.2,97.19 1 0
cubeos-api/internal/handlers/appstore.go:97.19,100.3 2 0
cubeos-api/internal/handlers/appstore.go:102.2,103.16 2 0
cubeos-api/internal/handlers/appstore.go:103.16,106.3 2 0
cubeos-api/internal/handlers/appstore.go:109.2,112.34 3 0
cubeos-api/internal/handlers/appstore.go:116.76,119.18 3 0
cubeos-api/internal/handlers/appstore.go:119.18,122.3 2 0
cubeos-api/internal/handlers/appstore.go:123.2,123.34 1 0
cubeos-api/internal/handlers/appstore.go:127.79,129.55 2 0
cubeos-api/internal/handlers/appstore.go:129.55,132.3 2 0
cubeos-api/internal/handlers/appstore.go:133.2,133.37 1 0
cubeos-api/internal/handlers/appstore.go:137.77,139.53 2 0
cubeos-api/internal/handlers/appstore.go:139.53,142.3 2 0
cubeos-api/internal/handlers/appstore.go:144.2,149.4 2 0
cubeos-api/internal/handlers/appstore.go:153.81,154.50 1 0
cubeos-api/internal/handlers/appstore.go:154.50,157.3 2 0
cubeos-api/internal/handlers/appstore.go:159.2,161.27 3 0
cubeos-api/internal/handlers/appstore.go:161.27,163.3 1 0
cubeos-api/internal/handlers/appstore.go:165.2,169.4 1 0
cubeos-api/internal/handlers/appstore.go:173.75,183.2 5 0
cubeos-api/internal/handlers/appstore.go:186.81,191.2 2 0
cubeos-api/internal/handlers/appstore.go:194.74,199.16 4 0
cubeos-api/internal/handlers/appstore.go:199.16,202.3 2 0
cubeos-api/internal/handlers/appstore.go:203.2,203.32 1 0
cubeos-api/internal/handlers/appstore.go:207.82,212.16 4 0
cubeos-api/internal/handlers/appstore.go:212.16,215.3 2 0
cubeos-api/internal/handlers/appstore.go:217.2,218.22 2 0
cubeos-api/internal/handlers/appstore.go:218.22,221.59 2 0
cubeos-api/internal/handlers/appstore.go:221.59,225.4 3 0
cubeos-api/internal/handlers/appstore.go:228.2,229.19 2 0
cubeos-api/internal/handlers/appstore.go:233.78,238.20 4 0
cubeos-api/internal/handlers/appstore.go:238.20,241.3 2 0
cubeos-api/internal/handlers/appstore.go:243.2,244.16 2 0
cubeos-api/internal/handlers/appstore.go:244.16,247.3 2 0
cubeos-api/internal/handlers/appstore.go:249.2,251.15 3 0
cubeos-api/internal/handlers/appstore.go:255.84,261.29 5 0
cubeos-api/internal/handlers/appstore.go:261.29,264.3 2 0
cubeos-api/internal/handlers/appstore.go:266.2,267.18 2 0
cubeos-api/internal/handlers/appstore.go:267.18,270.3 2 0
cubeos-api/internal/handlers/appstore.go:272.2,273.16 2 0
cubeos-api/internal/handlers/appstore.go:273.16,276.3 2 0
cubeos-api/internal/handlers/appstore.go:278.2,280.15 3 0
cubeos-api/internal/handlers/appstore.go:284.84,290.2 2 0
cubeos-api/internal/handlers/appstore.go:293.78,295.61 2 0
cubeos-api/internal/handlers/appstore.go:295.61,298.3 2 0
cubeos-api/internal/handlers/appstore.go:300.2,300.44 1 0
cubeos-api/internal/handlers/appstore.go:300.44,303.3 2 0
cubeos-api/internal/handlers/appstore.go:305.2,305.44 1 0
cubeos-api/internal/handlers/appstore.go:305.44,308.3 2 0
cubeos-api/internal/handlers/appstore.go:310.2,311.16 2 0
cubeos-api/internal/handlers/appstore.go:311.16,314.3 2 0
cubeos-api/internal/handlers/appstore.go:316.2,317.32 2 0
cubeos-api/internal/handlers/appstore.go:321.83,324.16 3 0
cubeos-api/internal/handlers/appstore.go:324.16,327.3 2 0
cubeos-api/internal/handlers/appstore.go:328.2,328.32 1 0
cubeos-api/internal/handlers/appstore.go:332.77,336.63 3 0
cubeos-api/internal/handlers/appstore.go:336.63,339.3 2 0
cubeos-api/internal/handlers/appstore.go:341.2,341.37 1 0
cubeos-api/internal/handlers/appstore.go:345.76,347.50 2 0
cubeos-api/internal/handlers/appstore.go:347.50,350.3 2 0
cubeos-api/internal/handlers/appstore.go:351.2,351.68 1 0
cubeos-api/internal/handlers/appstore.go:355.75,357.49 2 0
cubeos-api/internal/handlers/appstore.go:357.49,360.3 2 0
cubeos-api/internal/handlers/appstore.go:361.2,361.68 1 0
cubeos-api/internal/handlers/appstore.go:365.78,367.52 2 0
cubeos-api/internal/handlers/appstore.go:367.52,370.3 2 0
cubeos-api/internal/handlers/appstore.go:371.2,371.68 1 0
cubeos-api/internal/handlers/appstore.go:375.77,379.61 3 0
cubeos-api/internal/handlers/appstore.go:379.61,382.3 2 0
cubeos-api/internal/handlers/appstore.go:384.2,385.20 2 0
cubeos-api/internal/handlers/appstore.go:386.15,387.34 1 0
cubeos-api/internal/handlers/appstore.go:388.14,389.33 1 0
cubeos-api/internal/handlers/appstore.go:390.17,391.36 1 0
cubeos-api/internal/handlers/appstore.go:392.16,393.42 1 0
cubeos-api/internal/handlers/appstore.go:394.10,396.9 2 0
cubeos-api/internal/handlers/appstore.go:399.2,399.16 1 0
cubeos-api/internal/handlers/appstore.go:399.16,402.3 2 0
cubeos-api/internal/handlers/appstore.go:404.2,404.68 1 0
cubeos-api/internal/handlers/appstore.go:412.80,416.16 3 0
cubeos-api/internal/handlers/appstore.go:416.16,419.3 2 0
cubeos-api/internal/handlers/appstore.go:421.2,421.35 1 0
cubeos-api/internal/handlers/appstore.go:425.83,433.61 3 0
cubeos-api/internal/handlers/appstore.go:433.61,436.3 2 0
cubeos-api/internal/handlers/appstore.go:438.2,438.97 1 0
cubeos-api/internal/handlers/appstore.go:438.97,441.3 2 0
cubeos-api/internal/handlers/appstore.go:443.2,446.4 1 0
cubeos-api/internal/handlers/appstore.go:450.82,453.69 2 0
cubeos-api/internal/handlers/appstore.go:453.69,456.3 2 0
cubeos-api/internal/handlers/appstore.go:458.2,461.4 1 0
cubeos-api/internal/handlers/appstore.go:465.84,469.16 3 0
cubeos-api/internal/handlers/appstore.go:469.16,472.3 2 0
cubeos-api/internal/handlers/appstore.go:474.2,476.4 1 0
cubeos-api/internal/handlers/appstore.go:480.87,484.76 3 0
cubeos-api/internal/handlers/appstore.go:484.76,487.3 2 0
cubeos-api/internal/handlers/appstore.go:489.2,492.4 1 0
cubeos-api/internal/handlers/appstore.go:500.80,502.16 2 0
cubeos-api/internal/handlers/appstore.go:502.16,505.3 2 0
cubeos-api/internal/handlers/appstore.go:507.2,510.4 1 0
cubeos-api/internal/handlers/appstore.go:514.84,518.16 3 0
cubeos-api/internal/handlers/appstore.go:518.16,521.3 2 0
cubeos-api/internal/handlers/appstore.go:523.2,526.4 1 0
cubeos-api/internal/handlers/appstore.go:530.87,539.61 3 0
cubeos-api/internal/handlers/appstore.go:539.61,542.3 2 0
cubeos-api/internal/handlers/appstore.go:544.2,544.27 1 0
cubeos-api/internal/handlers/appstore.go:544.27,547.3 2 0
cubeos-api/internal/handlers/appstore.go:549.2,549.96 1 0
cubeos-api/internal/handlers/appstore.go:549.96,552.3 2 0
cubeos-api/internal/handlers/appstore.go:554.2,558.4 1 0
cubeos-api/internal/handlers/appstore.go:562.86,569.61 3 0
cubeos-api/internal/handlers/appstore.go:569.61,570.28 1 0
cubeos-api/internal/handlers/appstore.go:570.28,573.4 2 0
cubeos-api/internal/handlers/appstore.go:576.2,576.68 1 0
cubeos-api/internal/handlers/appstore.go:576.68,579.3 2 0
cubeos-api/internal/handlers/appstore.go:581.2,584.4 1 0
cubeos-api/internal/handlers/appstore.go:588.88,592.16 3 0
cubeos-api/internal/handlers/appstore.go:592.16,595.3 2 0
cubeos-api/internal/handlers/appstore.go:597.2,599.4 1 0
cubeos-api/internal/handlers/appstore.go:603.91,607.75 3 0
cubeos-api/internal/handlers/appstore.go:607.75,610.3 2 0
cubeos-api/internal/handlers/appstore.go:612.2,615.4 1 0
cubeos-api/internal/handlers/appstore.go:623.81,625.16 2 0
cubeos-api/internal/handlers/appstore.go:625.16,628.3 2 0
cubeos-api/internal/handlers/appstore.go:630.2,632.4 1 0
cubeos-api/internal/handlers/extended.go:40.21,52.2 1 0
cubeos-api/internal/handlers/extended.go:58.83,61.16 3 0
cubeos-api/internal/handlers/extended.go:61.16,63.3 1 0
cubeos-api/internal/handlers/extended.go:64.2,74.4 6 0
cubeos-api/internal/handlers/extended.go:77.80,84.2 2 0
cubeos-api/internal/handlers/extended.go:86.83,89.16 3 0
cubeos-api/internal/handlers/extended.go:89.16,91.3 1 0
cubeos-api/internal/handlers/extended.go:92.2,96.65 3 0
cubeos-api/internal/handlers/extended.go:96.65,98.3 1 0
cubeos-api/internal/handlers/extended.go:100.2,106.4 2 0
cubeos-api/internal/handlers/extended.go:109.85,112.16 3 0
cubeos-api/internal/handlers/extended.go:112.16,114.3 1 0
cubeos-api/internal/handlers/extended.go:115.2,124.4 4 0
cubeos-api/internal/handlers/extended.go:127.82,129.16 2 0
cubeos-api/internal/handlers/extended.go:129.16,131.3 1 0
cubeos-api/internal/handlers/extended.go:133.2,138.4 2 0
cubeos-api/internal/handlers/extended.go:141.80,144.16 3 0
cubeos-api/internal/handlers/extended.go:144.16,146.3 1 0
cubeos-api/internal/handlers/extended.go:148.2,154.4 2 0
cubeos-api/internal/handlers/extended.go:157.80,159.16 2 0
cubeos-api/internal/handlers/extended.go:159.16,162.3 2 0
cubeos-api/internal/handlers/extended.go:164.2,165.16 2 0
cubeos-api/internal/handlers/extended.go:165.16,167.3 1 0
cubeos-api/internal/handlers/extended.go:168.2,171.16 3 0
cubeos-api/internal/handlers/extended.go:171.16,174.3 2 0
cubeos-api/internal/handlers/extended.go:176.2,180.4 1 0
cubeos-api/internal/handlers/extended.go:183.84,185.16 2 0
cubeos-api/internal/handlers/extended.go:185.16,187.3 1 0
cubeos-api/internal/handlers/extended.go:188.2,189.16 2 0
cubeos-api/internal/handlers/extended.go:189.16,191.3 1 0
cubeos-api/internal/handlers/extended.go:193.2,199.4 2 0
cubeos-api/internal/handlers/extended.go:206.86,209.2 2 0
cubeos-api/internal/handlers/extended.go:211.85,213.17 2 0
cubeos-api/internal/handlers/extended.go:213.17,215.3 1 0
cubeos-api/internal/handlers/extended.go:217.2,217.80 1 0
cubeos-api/internal/handlers/extended.go:217.80,220.3 2 0
cubeos-api/internal/handlers/extended.go:223.2,226.13 3 0
cubeos-api/internal/handlers/extended.go:226.13,228.3 1 0
cubeos-api/internal/handlers/extended.go:228.8,230.3 1 0
cubeos-api/internal/handlers/extended.go:232.2,237.4 1 0
cubeos-api/internal/handlers/extended.go:240.81,243.2 2 0
cubeos-api/internal/handlers/extended.go:245.78,247.30 2 0
cubeos-api/internal/handlers/extended.go:247.30,250.3 2 0
cubeos-api/internal/handlers/extended.go:251.2,251.37 1 0
cubeos-api/internal/handlers/extended.go:254.79,256.30 2 0
cubeos-api/internal/handlers/extended.go:256.30,259.3 2 0
cubeos-api/internal/handlers/extended.go:260.2,260.37 1 0
cubeos-api/internal/handlers/extended.go:263.78,266.44 3 0
cubeos-api/internal/handlers/extended.go:266.44,269.3 2 0
cubeos-api/internal/handlers/extended.go:271.2,272.20 2 0
cubeos-api/internal/handlers/extended.go:272.20,274.3 1 0
cubeos-api/internal/handlers/extended.go:275.2,278.30 3 0
cubeos-api/internal/handlers/extended.go:278.30,281.3 2 0
cubeos-api/internal/handlers/extended.go:282.2,282.37 1 0
cubeos-api/internal/handlers/extended.go:285.78,288.44 3 0
cubeos-api/internal/handlers/extended.go:288.44,291.3 2 0
cubeos-api/internal/handlers/extended.go:293.2,294.20 2 0
cubeos-api/internal/handlers/extended.go:294.20,296.3 1 0
cubeos-api/internal/handlers/extended.go:298.2,299.30 2 0
cubeos-api/internal/handlers/extended.go:299.30,302.3 2 0
cubeos-api/internal/handlers/extended.go:303.2,303.37 1 0
cubeos-api/internal/handlers/extended.go:306.83,309.16 3 0
cubeos-api/internal/handlers/extended.go:309.16,312.3 2 0
cubeos-api/internal/handlers/extended.go:314.2,315.20 2 0
cubeos-api/internal/handlers/extended.go:315.20,317.3 1 0
cubeos-api/internal/handlers/extended.go:318.2,319.18 2 0
cubeos-api/internal/handlers/extended.go:319.18,321.3 1 0
cubeos-api/internal/handlers/extended.go:323.2,324.30 2 0
cubeos-api/internal/handlers/extended.go:324.30,327.3 2 0
cubeos-api/internal/handlers/extended.go:328.2,328.37 1 0
cubeos-api/internal/handlers/extended.go:331.81,334.30 3 0
cubeos-api/internal/handlers/extended.go:334.30,337.3 2 0
cubeos-api/internal/handlers/extended.go:338.2,338.37 1 0
cubeos-api/internal/handlers/extended.go:341.86,344.2 2 0
cubeos-api/internal/handlers/extended.go:346.89,349.2 2 0
cubeos-api/internal/handlers/extended.go:351.81,356.2 2 0
cubeos-api/internal/handlers/extended.go:358.81,362.61 2 0
cubeos-api/internal/handlers/extended.go:362.61,365.3 2 0
cubeos-api/internal/handlers/extended.go:367.2,368.37 2 0
cubeos-api/internal/handlers/extended.go:371.82,373.14 2 0
cubeos-api/internal/handlers/extended.go:373.14,376.3 2 0
cubeos-api/internal/handlers/extended.go:378.2,379.37 2 0
cubeos-api/internal/handlers/extended.go:386.80,395.2 3 0
cubeos-api/internal/handlers/extended.go:397.78,400.19 3 0
cubeos-api/internal/handlers/extended.go:400.19,403.3 2 0
cubeos-api/internal/handlers/extended.go:404.2,404.37 1 0
cubeos-api/internal/handlers/extended.go:407.81,409.61 2 0
cubeos-api/internal/handlers/extended.go:409.61,413.3 2 0
cubeos-api/internal/handlers/extended.go:415.2,415.20 1 0
cubeos-api/internal/handlers/extended.go:415.20,417.3 1 0
cubeos-api/internal/handlers/extended.go:419.2,420.16 2 0
cubeos-api/internal/handlers/extended.go:420.16,423.3 2 0
cubeos-api/internal/handlers/extended.go:424.2,424.37 1 0
cubeos-api/internal/handlers/extended.go:427.80,429.22 2 0
cubeos-api/internal/handlers/extended.go:429.22,431.3 1 0
cubeos-api/internal/handlers/extended.go:432.2,433.23 2 0
cubeos-api/internal/handlers/extended.go:433.23,435.3 1 0
cubeos-api/internal/handlers/extended.go:437.2,438.16 2 0
cubeos-api/internal/handlers/extended.go:438.16,441.3 2 0
cubeos-api/internal/handlers/extended.go:442.2,442.37 1 0
cubeos-api/internal/handlers/extended.go:445.82,449.14 3 0
cubeos-api/internal/handlers/extended.go:449.14,452.3 2 0
cubeos-api/internal/handlers/extended.go:454.2,457.16 3 0
cubeos-api/internal/handlers/extended.go:457.16,460.3 2 0
cubeos-api/internal/handlers/extended.go:461.2,461.37 1 0
cubeos-api/internal/handlers/extended.go:464.81,467.30 3 0
cubeos-api/internal/handlers/extended.go:467.30,470.3 2 0
cubeos-api/internal/handlers/extended.go:471.2,471.37 1 0
cubeos-api/internal/handlers/extended.go:474.83,477.19 3 0
cubeos-api/internal/handlers/extended.go:477.19,480.3 2 0
cubeos-api/internal/handlers/extended.go:482.2,483.20 2 0
cubeos-api/internal/handlers/extended.go:483.20,486.3 2 0
cubeos-api/internal/handlers/extended.go:488.2,490.32 3 0
cubeos-api/internal/handlers/extended.go:493.83,496.2 2 0
cubeos-api/internal/handlers/extended.go:502.82,504.18 2 0
cubeos-api/internal/handlers/extended.go:504.18,506.3 1 0
cubeos-api/internal/handlers/extended.go:508.2,509.16 2 0
cubeos-api/internal/handlers/extended.go:509.16,511.3 1 0
cubeos-api/internal/handlers/extended.go:513.2,521.4 3 0
cubeos-api/internal/handlers/extended.go:524.79,527.16 3 0
cubeos-api/internal/handlers/extended.go:527.16,530.3 2 0
cubeos-api/internal/handlers/extended.go:532.2,533.17 2 0
cubeos-api/internal/handlers/extended.go:533.17,536.3 2 0
cubeos-api/internal/handlers/extended.go:538.2,538.35 1 0
cubeos-api/internal/handlers/extended.go:541.80,544.16 3 0
cubeos-api/internal/handlers/extended.go:544.16,547.3 2 0
cubeos-api/internal/handlers/extended.go:549.2,550.18 2 0
cubeos-api/internal/handlers/extended.go:550.18,552.3 1 0
cubeos-api/internal/handlers/extended.go:554.2,555.30 2 0
cubeos-api/internal/handlers/extended.go:555.30,558.3 2 0
cubeos-api/internal/handlers/extended.go:560.2,560.37 1 0
cubeos-api/internal/handlers/extended.go:563.85,566.16 3 0
cubeos-api/internal/handlers/extended.go:566.16,569.3 2 0
cubeos-api/internal/handlers/extended.go:571.2,572.30 2 0
cubeos-api/internal/handlers/extended.go:572.30,575.3 2 0
cubeos-api/internal/handlers/extended.go:577.2,577.37 1 0
cubeos-api/internal/handlers/extended.go:580.84,583.2 2 0
cubeos-api/internal/handlers/extended.go:585.84,587.16 2 0
cubeos-api/internal/handlers/extended.go:587.16,589.3 1 0
cubeos-api/internal/handlers/extended.go:591.2,596.4 2 0
cubeos-api/internal/handlers/extended.go:599.87,601.16 2 0
cubeos-api/internal/handlers/extended.go:601.16,603.3 1 0
cubeos-api/internal/handlers/extended.go:605.2,610.4 2 0
cubeos-api/internal/handlers/extended.go:613.84,625.2 4 0
cubeos-api/internal/handlers/extended.go:631.80,636.2 2 0
cubeos-api/internal/handlers/extended.go:638.86,641.2 2 0
cubeos-api/internal/handlers/extended.go:643.81,645.61 2 0
cubeos-api/internal/handlers/extended.go:645.61,648.3 2 0
cubeos-api/internal/handlers/extended.go:650.2,650.25 1 0
cubeos-api/internal/handlers/extended.go:650.25,653.3 2 0
cubeos-api/internal/handlers/extended.go:655.2,656.23 2 0
cubeos-api/internal/handlers/extended.go:656.23,659.3 2 0
cubeos-api/internal/handlers/extended.go:661.2,661.39 1 0
cubeos-api/internal/handlers/extended.go:664.87,667.14 3 0
cubeos-api/internal/handlers/extended.go:667.14,669.3 1 0
cubeos-api/internal/handlers/extended.go:671.2,672.46 2 0
cubeos-api/internal/handlers/extended.go:675.86,679.61 2 0
cubeos-api/internal/handlers/extended.go:679.61,682.3 2 0
cubeos-api/internal/handlers/extended.go:684.2,685.39 2 0
cubeos-api/internal/handlers/extended.go:692.87,695.2 2 0
cubeos-api/internal/handlers/extended.go:697.85,702.2 1 0
cubeos-api/internal/handlers/extended.go:704.84,706.34 2 0
cubeos-api/internal/handlers/extended.go:706.34,708.3 1 0
cubeos-api/internal/handlers/extended.go:710.2,715.4 2 0
cubeos-api/internal/handlers/extended.go:718.87,721.2 2 0
cubeos-api/internal/handlers/extended.go:723.87,725.68 2 0
cubeos-api/internal/handlers/extended.go:725.68,728.3 2 0
cubeos-api/internal/handlers/extended.go:730.2,731.38 2 0
cubeos-api/internal/handlers/extended.go:734.85,737.2 2 0
cubeos-api/internal/handlers/extended.go:743.83,746.2 2 0
cubeos-api/internal/handlers/extended.go:748.83,750.64 2 0
cubeos-api/internal/handlers/extended.go:750.64,753.3 2 0
cubeos-api/internal/handlers/extended.go:755.2,756.16 2 0
cubeos-api/internal/handlers/extended.go:756.16,759.3 2 0
cubeos-api/internal/handlers/extended.go:761.2,764.4 1 0
cubeos-api/internal/handlers/extended.go:767.85,773.2 2 0
cubeos-api/internal/handlers/extended.go:780.81,785.2 2 0
cubeos-api/internal/handlers/extended.go:788.80,790.23 2 0
cubeos-api/internal/handlers/extended.go:790.23,793.3 2 0
cubeos-api/internal/handlers/extended.go:795.2,799.4 2 0
cubeos-api/internal/handlers/extended.go:803.83,805.23 2 0
cubeos-api/internal/handlers/extended.go:805.23,808.3 2 0
cubeos-api/internal/handlers/extended.go:810.2,814.4 2 0
cubeos-api/internal/handlers/extended.go:818.83,820.23 2 0
cubeos-api/internal/handlers/extended.go:820.23,823.3 2 0
cubeos-api/internal/handlers/extended.go:825.2,829.36 3 0
cubeos-api/internal/handlers/extended.go:829.36,830.23 1 0
cubeos-api/internal/handlers/extended.go:830.23,832.9 2 0
cubeos-api/internal/handlers/extended.go:836.2,836.16 1 0
cubeos-api/internal/handlers/extended.go:836.16,838.3 1 0
cubeos-api/internal/handlers/extended.go:838.8,840.3 1 0
cubeos-api/internal/handlers/extended.go:842.2,846.4 1 0
cubeos-api/internal/handlers/extended.go:853.83,854.20 1 0
cubeos-api/internal/handlers/extended.go:854.20,860.3 2 0
cubeos-api/internal/handlers/extended.go:862.2,877.24 3 0
cubeos-api/internal/handlers/extended.go:877.24,879.3 1 0
cubeos-api/internal/handlers/extended.go:882.2,882.23 1 0
cubeos-api/internal/handlers/extended.go:882.23,884.3 1 0
cubeos-api/internal/handlers/extended.go:884.8,884.30 1 0
cubeos-api/internal/handlers/extended.go:884.30,886.3 1 0
cubeos-api/internal/handlers/extended.go:886.8,886.29 1 0
cubeos-api/internal/handlers/extended.go:886.29,887.33 1 0
cubeos-api/internal/handlers/extended.go:887.33,889.4 1 0
cubeos-api/internal/handlers/extended.go:889.9,889.40 1 0
cubeos-api/internal/handlers/extended.go:889.40,891.4 1 0
cubeos-api/internal/handlers/extended.go:891.9,893.4 1 0
cubeos-api/internal/handlers/extended.go:894.8,894.40 1 0
cubeos-api/internal/handlers/extended.go:894.40,896.3 1 0
cubeos-api/internal/handlers/extended.go:896.8,898.3 1 0
cubeos-api/internal/handlers/extended.go:901.2,901.30 1 0
cubeos-api/internal/handlers/extended.go:901.30,904.16 3 0
cubeos-api/internal/handlers/extended.go:904.16,906.4 1 0
cubeos-api/internal/handlers/extended.go:906.9,908.4 1 0
cubeos-api/internal/handlers/extended.go:911.2,911.39 1 0
cubeos-api/internal/handlers/extended.go:914.80,915.20 1 0
cubeos-api/internal/handlers/extended.go:915.20,918.3 2 0
cubeos-api/internal/handlers/extended.go:920.2,923.61 2 0
cubeos-api/internal/handlers/extended.go:923.61,926.3 2 0
cubeos-api/internal/handlers/extended.go:928.2,928.56 1 0
cubeos-api/internal/handlers/extended.go:928.56,931.3 2 0
cubeos-api/internal/handlers/extended.go:933.2,936.4 1 0
cubeos-api/internal/handlers/extended.go:943.81,946.2 2 0
cubeos-api/internal/handlers/extended.go:948.81,950.16 2 0
cubeos-api/internal/handlers/extended.go:950.16,953.3 2 0
cubeos-api/internal/handlers/extended.go:955.2,958.4 1 0
cubeos-api/internal/handlers/extended.go:961.80,965.16 3 0
cubeos-api/internal/handlers/extended.go:965.16,968.3 2 0
cubeos-api/internal/handlers/extended.go:970.2,970.31 1 0
cubeos-api/internal/handlers/extended.go:970.31,971.25 1 0
cubeos-api/internal/handlers/extended.go:971.25,974.4 2 0
cubeos-api/internal/handlers/extended.go:977.2,977.55 1 0
cubeos-api/internal/handlers/extended.go:980.83,982.63 2 0
cubeos-api/internal/handlers/extended.go:982.63,985.3 2 0
cubeos-api/internal/handlers/extended.go:987.2,987.56 1 0
cubeos-api/internal/handlers/extended.go:987.56,990.3 2 0
cubeos-api/internal/handlers/extended.go:992.2,996.4 1 0
cubeos-api/internal/handlers/extended.go:999.83,1003.63 3 0
cubeos-api/internal/handlers/extended.go:1003.63,1006.3 2 0
cubeos-api/internal/handlers/extended.go:1008.2,1008.62 1 0
cubeos-api/internal/handlers/extended.go:1008.62,1011.3 2 0
cubeos-api/internal/handlers/extended.go:1013.2,1016.4 1 0
cubeos-api/internal/handlers/extended.go:1019.83,1022.55 2 0
cubeos-api/internal/handlers/extended.go:1022.55,1025.3 2 0
cubeos-api/internal/handlers/extended.go:1027.2,1030.4 1 0
cubeos-api/internal/handlers/extended.go:1037.82,1039.16 2 0
cubeos-api/internal/handlers/extended.go:1039.16,1042.3 2 0
cubeos-api/internal/handlers/extended.go:1045.2,1047.29 3 0
cubeos-api/internal/handlers/extended.go:1047.29,1049.30 2 0
cubeos-api/internal/handlers/extended.go:1049.30,1051.4 1 0
cubeos-api/internal/handlers/extended.go:1051.9,1051.67 1 0
cubeos-api/internal/handlers/extended.go:1051.67,1053.4 1 0
cubeos-api/internal/handlers/extended.go:1056.2,1061.4 1 0
cubeos-api/internal/handlers/extended.go:1064.90,1068.41 2 0
cubeos-api/internal/handlers/extended.go:1068.41,1070.3 1 0
cubeos-api/internal/handlers/extended.go:1072.2,1073.16 2 0
cubeos-api/internal/handlers/extended.go:1073.16,1076.3 2 0
cubeos-api/internal/handlers/extended.go:1078.2,1078.37 1 0
cubeos-api/internal/handlers/handlers.go:32.93,41.2 1 0
cubeos-api/internal/handlers/handlers.go:44.69,48.2 3 1
cubeos-api/internal/handlers/handlers.go:50.68,52.2 1 1
cubeos-api/internal/handlers/handlers.go:58.67,66.2 2 1
cubeos-api/internal/handlers/handlers.go:72.66,74.61 2 1
cubeos-api/internal/handlers/handlers.go:74.61,77.3 2 1
cubeos-api/internal/handlers/handlers.go:80.2,82.26 3 0
cubeos-api/internal/handlers/handlers.go:82.26,85.3 2 0
cubeos-api/internal/handlers/handlers.go:86.2,86.16 1 0
cubeos-api/internal/handlers/handlers.go:86.16,89.3 2 0
cubeos-api/internal/handlers/handlers.go:92.2,92.103 1 0
cubeos-api/internal/handlers/handlers.go:92.103,95.3 2 0
cubeos-api/internal/handlers/handlers.go:98.2,99.16 2 0
cubeos-api/internal/handlers/handlers.go:99.16,102.3 2 0
cubeos-api/internal/handlers/handlers.go:104.2,115.4 1 0
cubeos-api/internal/handlers/handlers.go:118.73,120.19 2 1
cubeos-api/internal/handlers/handlers.go:120.19,123.3 2 1
cubeos-api/internal/handlers/handlers.go:125.2,126.16 2 0
cubeos-api/internal/handlers/handlers.go:126.16,129.3 2 0
cubeos-api/internal/handlers/handlers.go:131.2,135.4 1 0
cubeos-api/internal/handlers/handlers.go:138.66,140.19 2 1
cubeos-api/internal/handlers/handlers.go:140.19,143.3 2 1
cubeos-api/internal/handlers/handlers.go:145.2,148.4 1 0
cubeos-api/internal/handlers/handlers.go:151.75,153.19 2 0
cubeos-api/internal/handlers/handlers.go:153.19,156.3 2 0
cubeos-api/internal/handlers/handlers.go:158.2,159.61 2 0
cubeos-api/internal/handlers/handlers.go:159.61,162.3 2 0
cubeos-api/internal/handlers/handlers.go:165.2,167.16 3 0
cubeos-api/internal/handlers/handlers.go:167.16,170.3 2 0
cubeos-api/internal/handlers/handlers.go:173.2,173.104 1 0
cubeos-api/internal/handlers/handlers.go:173.104,176.3 2 0
cubeos-api/internal/handlers/handlers.go:179.2,180.16 2 0
cubeos-api/internal/handlers/handlers.go:180.16,183.3 2 0
cubeos-api/internal/handlers/handlers.go:186.2,187.16 2 0
cubeos-api/internal/handlers/handlers.go:187.16,190.3 2 0
cubeos-api/internal/handlers/handlers.go:192.2,195.4 1 0
cubeos-api/internal/handlers/handlers.go:202.74,205.2 2 0
cubeos-api/internal/handlers/handlers.go:207.75,210.2 2 0
cubeos-api/internal/handlers/handlers.go:212.75,215.2 2 0
cubeos-api/internal/handlers/handlers.go:217.67,221.16 3 0
cubeos-api/internal/handlers/handlers.go:221.16,224.3 2 0
cubeos-api/internal/handlers/handlers.go:226.2,226.37 1 0
cubeos-api/internal/handlers/handlers.go:229.69,233.16 3 0
cubeos-api/internal/handlers/handlers.go:233.16,236.3 2 0
cubeos-api/internal/handlers/handlers.go:238.2,238.37 1 0
cubeos-api/internal/handlers/handlers.go:241.75,244.2 2 0
cubeos-api/internal/handlers/handlers.go:246.70,253.2 2 0
cubeos-api/internal/handlers/handlers.go:255.72,259.2 1 0
cubeos-api/internal/handlers/handlers.go:261.72,268.2 2 0
cubeos-api/internal/handlers/handlers.go:270.79,274.31 3 0
cubeos-api/internal/handlers/handlers.go:274.31,276.3 1 0
cubeos-api/internal/handlers/handlers.go:278.2,278.75 1 0
cubeos-api/internal/handlers/handlers.go:281.78,285.2 3 0
cubeos-api/internal/handlers/handlers.go:287.82,295.23 3 0
cubeos-api/internal/handlers/handlers.go:295.23,298.3 2 0
cubeos-api/internal/handlers/handlers.go:300.2,300.57 1 0
cubeos-api/internal/handlers/handlers.go:300.57,303.3 2 0
cubeos-api/internal/handlers/handlers.go:305.2,308.4 1 0
cubeos-api/internal/handlers/handlers.go:315.81,318.2 2 0
cubeos-api/internal/handlers/handlers.go:320.80,324.35 3 0
cubeos-api/internal/handlers/handlers.go:324.35,325.25 1 0
cubeos-api/internal/handlers/handlers.go:325.25,328.4 2 0
cubeos-api/internal/handlers/handlers.go:331.2,331.59 1 0
cubeos-api/internal/handlers/handlers.go:334.72,337.2 2 0
cubeos-api/internal/handlers/handlers.go:339.72,342.2 2 0
cubeos-api/internal/handlers/handlers.go:344.75,346.61 2 0
cubeos-api/internal/handlers/handlers.go:346.61,349.3 2 0
cubeos-api/internal/handlers/handlers.go:351.2,351.52 1 0
cubeos-api/internal/handlers/handlers.go:351.52,354.3 2 0
cubeos-api/internal/handlers/handlers.go:356.2,359.4 1 0
cubeos-api/internal/handlers/handlers.go:362.70,363.46 1 0
cubeos-api/internal/handlers/handlers.go:363.46,366.3 2 0
cubeos-api/internal/handlers/handlers.go:368.2,371.4 1 0
cubeos-api/internal/handlers/handlers.go:374.74,377.2 2 0
cubeos-api/internal/handlers/handlers.go:379.72,380.48 1 0
cubeos-api/internal/handlers/handlers.go:380.48,383.3 2 0
cubeos-api/internal/handlers/handlers.go:385.2,388.4 1 0
cubeos-api/internal/handlers/handlers.go:391.74,394.2 2 0
cubeos-api/internal/handlers/handlers.go:396.70,399.2 2 0
cubeos-api/internal/handlers/handlers.go:401.89,408.2 2 0
cubeos-api/internal/handlers/handlers.go:410.76,416.2 2 0
cubeos-api/internal/handlers/handlers.go:418.78,421.18 3 0
cubeos-api/internal/handlers/handlers.go:421.18,423.3 1 0
cubeos-api/internal/handlers/handlers.go:425.2,431.4 2 0
cubeos-api/internal/handlers/handlers.go:438.71,445.2 2 0
cubeos-api/internal/handlers/handlers.go:447.75,453.2 2 0
cubeos-api/internal/handlers/handlers.go:455.75,458.2 2 0
cubeos-api/internal/handlers/handlers.go:460.72,463.51 2 0
cubeos-api/internal/handlers/handlers.go:463.51,466.3 2 0
cubeos-api/internal/handlers/handlers.go:468.2,471.4 1 0
cubeos-api/internal/handlers/handlers.go:474.74,477.53 2 0
cubeos-api/internal/handlers/handlers.go:477.53,480.3 2 0
cubeos-api/internal/handlers/handlers.go:482.2,485.4 1 0
cubeos-api/internal/handlers/handlers.go:488.71,491.50 2 0
cubeos-api/internal/handlers/handlers.go:491.50,494.3 2 0
cubeos-api/internal/handlers/handlers.go:496.2,499.4 1 0
cubeos-api/internal/handlers/handlers.go:502.78,508.2 2 0
cubeos-api/internal/handlers/handlers.go:514.69,517.2 2 0
cubeos-api/internal/handlers/handlers.go:519.79,522.2 2 0
cubeos-api/internal/handlers/handlers.go:524.80,529.26 3 0
cubeos-api/internal/handlers/handlers.go:529.26,531.3 1 0
cubeos-api/internal/handlers/handlers.go:533.2,538.4 1 0
cubeos-api/internal/handlers/handlers.go:542.41,544.18 2 0
cubeos-api/internal/handlers/handlers.go:544.18,546.3 1 0
cubeos-api/internal/handlers/handlers.go:547.2,548.46 2 0
cubeos-api/internal/handlers/handlers.go:548.46,551.3 2 0
cubeos-api/internal/handlers/handlers.go:552.2,552.76 1 0
cubeos-api/internal/handlers/handlers.go:559.72,561.16 2 0
cubeos-api/internal/handlers/handlers.go:561.16,564.3 2 0
cubeos-api/internal/handlers/handlers.go:565.2,565.35 1 0
cubeos-api/internal/handlers/handlers.go:568.82,570.16 2 0
cubeos-api/internal/handlers/handlers.go:570.16,573.3 2 0
cubeos-api/internal/handlers/handlers.go:574.2,577.4 1 0
cubeos-api/internal/handlers/handlers.go:580.71,584.16 3 0
cubeos-api/internal/handlers/handlers.go:584.16,587.3 2 0
cubeos-api/internal/handlers/handlers.go:589.2,589.40 1 0
cubeos-api/internal/handlers/handlers.go:592.73,595.32 2 0
cubeos-api/internal/handlers/handlers.go:595.32,598.3 2 0
cubeos-api/internal/handlers/handlers.go:600.2,600.67 1 0
cubeos-api/internal/handlers/handlers.go:600.67,603.3 2 0
cubeos-api/internal/handlers/handlers.go:605.2,610.4 1 0
cubeos-api/internal/handlers/handlers.go:613.72,616.32 2 0
cubeos-api/internal/handlers/handlers.go:616.32,619.3 2 0
cubeos-api/internal/handlers/handlers.go:621.2,621.94 1 0
cubeos-api/internal/handlers/handlers.go:621.94,624.3 2 0
cubeos-api/internal/handlers/handlers.go:626.2,631.4 1 0
cubeos-api/internal/handlers/handlers.go:634.75,637.97 2 0
cubeos-api/internal/handlers/handlers.go:637.97,640.3 2 0
cubeos-api/internal/handlers/handlers.go:642.2,647.4 1 0
cubeos-api/internal/handlers/handlers.go:650.74,653.32 2 0
cubeos-api/internal/handlers/handlers.go:653.32,656.3 2 0
cubeos-api/internal/handlers/handlers.go:658.2,659.16 2 0
cubeos-api/internal/handlers/handlers.go:659.16,662.3 2 0
cubeos-api/internal/handlers/handlers.go:664.2,664.37 1 0
cubeos-api/internal/handlers/handlers.go:667.75,670.32 2 0
cubeos-api/internal/handlers/handlers.go:670.32,673.3 2 0
cubeos-api/internal/handlers/handlers.go:675.2,676.16 2 0
cubeos-api/internal/handlers/handlers.go:676.16,679.3 2 0
cubeos-api/internal/handlers/handlers.go:681.2,681.37 1 0
cubeos-api/internal/handlers/handlers.go:684.75,687.15 3 0
cubeos-api/internal/handlers/handlers.go:687.15,689.3 1 0
cubeos-api/internal/handlers/handlers.go:690.2,693.16 3 0
cubeos-api/internal/handlers/handlers.go:693.16,696.3 2 0
cubeos-api/internal/handlers/handlers.go:698.2,702.4 1 0
cubeos-api/internal/handlers/handlers.go:705.76,709.16 3 0
cubeos-api/internal/handlers/handlers.go:709.16,712.3 2 0
cubeos-api/internal/handlers/handlers.go:714.2,714.36 1 0
cubeos-api/internal/handlers/handlers.go:721.74,724.42 2 0
cubeos-api/internal/handlers/handlers.go:724.42,731.3 1 0
cubeos-api/internal/handlers/handlers.go:733.2,735.4 1 0
cubeos-api/internal/handlers/handlers.go:742.72,743.21 1 0
cubeos-api/internal/handlers/handlers.go:743.21,746.3 2 0
cubeos-api/internal/handlers/handlers.go:748.2,749.16 2 0
cubeos-api/internal/handlers/handlers.go:749.16,752.3 2 0
cubeos-api/internal/handlers/handlers.go:754.2,758.4 1 0
cubeos-api/internal/handlers/handlers.go:761.76,762.21 1 0
cubeos-api/internal/handlers/handlers.go:762.21,765.3 2 0
cubeos-api/internal/handlers/handlers.go:767.2,768.16 2 0
cubeos-api/internal/handlers/handlers.go:768.16,771.3 2 0
cubeos-api/internal/handlers/handlers.go:773.2,773.36 1 0
cubeos-api/internal/handlers/setup.go:19.68,21.2 1 0
cubeos-api/internal/handlers/setup.go:24.44,49.2 13 0
cubeos-api/internal/handlers/setup.go:52.79,55.2 2 0
cubeos-api/internal/handlers/setup.go:58.79,64.2 2 0
cubeos-api/internal/handlers/setup.go:67.81,70.2 2 0
cubeos-api/internal/handlers/setup.go:73.86,76.2 2 0
cubeos-api/internal/handlers/setup.go:79.77,84.31 3 0
cubeos-api/internal/handlers/setup.go:84.31,86.3 1 0
cubeos-api/internal/handlers/setup.go:88.2,92.4 1 0
cubeos-api/internal/handlers/setup.go:96.86,102.2 2 0
cubeos-api/internal/handlers/setup.go:105.80,111.2 2 0
cubeos-api/internal/handlers/setup.go:114.79,116.61 2 0
cubeos-api/internal/handlers/setup.go:116.61,119.3 2 0
cubeos-api/internal/handlers/setup.go:121.2,122.35 2 0
cubeos-api/internal/handlers/setup.go:126.76,128.61 2 0
cubeos-api/internal/handlers/setup.go:128.61,131.3 2 0
cubeos-api/internal/handlers/setup.go:133.2,133.57 1 0
cubeos-api/internal/handlers/setup.go:133.57,136.3 2 0
cubeos-api/internal/handlers/setup.go:138.2,142.4 1 0
cubeos-api/internal/handlers/setup.go:146.75,148.47 1 0
cubeos-api/internal/handlers/setup.go:148.47,151.3 2 0
cubeos-api/internal/handlers/setup.go:153.2,156.4 1 0
cubeos-api/internal/handlers/setup.go:160.74,163.62 2 0
cubeos-api/internal/handlers/setup.go:163.62,166.3 2 0
cubeos-api/internal/handlers/setup.go:168.2,172.4 1 0
cubeos-api/internal/handlers/setup.go:176.95,177.46 1 0
cubeos-api/internal/handlers/setup.go:177.46,178.72 1 0
cubeos-api/internal/handlers/setup.go:178.72,182.65 1 0
cubeos-api/internal/handlers/setup.go:182.65,185.5 2 0
cubeos-api/internal/handlers/setup.go:188.4,188.35 1 0
cubeos-api/internal/handlers/setup.go:188.35,197.5 4 0
cubeos-api/internal/handlers/setup.go:199.4,199.24 1 0
cubeos-api/internal/handlers/websocket.go:20.42,22.3 1 0
cubeos-api/internal/handlers/websocket.go:36.168,44.2 1 0
cubeos-api/internal/handlers/websocket.go:47.51,52.2 4 0
cubeos-api/internal/handlers/websocket.go:55.54,61.2 5 0
cubeos-api/internal/handlers/websocket.go:64.33,68.2 3 0
cubeos-api/internal/handlers/websocket.go:71.49,74.34 3 0
cubeos-api/internal/handlers/websocket.go:74.34,76.3 1 0
cubeos-api/internal/handlers/websocket.go:77.2,80.16 3 0
cubeos-api/internal/handlers/websocket.go:80.16,82.3 1 0
cubeos-api/internal/handlers/websocket.go:84.2,85.35 2 0
cubeos-api/internal/handlers/websocket.go:85.35,87.17 2 0
cubeos-api/internal/handlers/websocket.go:87.17,89.4 1 0
cubeos-api/internal/handlers/websocket.go:92.2,92.36 1 0
cubeos-api/internal/handlers/websocket.go:92.36,94.3 1 0
cubeos-api/internal/handlers/websocket.go:98.87,102.6 3 0
cubeos-api/internal/handlers/websocket.go:102.6,103.10 1 0
cubeos-api/internal/handlers/websocket.go:104.17,105.10 1 0
cubeos-api/internal/handlers/websocket.go:106.19,107.22 1 0
cubeos-api/internal/handlers/websocket.go:107.22,108.13 1 0
cubeos-api/internal/handlers/websocket.go:112.4,116.30 3 0
cubeos-api/internal/handlers/websocket.go:121.64,128.35 5 0
cubeos-api/internal/handlers/websocket.go:128.35,129.23 1 0
cubeos-api/internal/handlers/websocket.go:129.23,130.12 1 0
cubeos-api/internal/handlers/websocket.go:132.3,136.4 1 0
cubeos-api/internal/handlers/websocket.go:140.2,144.21 4 0
cubeos-api/internal/handlers/websocket.go:144.21,148.17 4 0
cubeos-api/internal/handlers/websocket.go:148.17,150.33 2 0
cubeos-api/internal/handlers/websocket.go:150.33,151.29 1 0
cubeos-api/internal/handlers/websocket.go:151.29,160.6 2 0
cubeos-api/internal/handlers/websocket.go:165.2,197.3 1 0
cubeos-api/internal/handlers/websocket.go:206.52,208.2 1 0
cubeos-api/internal/handlers/websocket.go:211.77,215.35 3 0
cubeos-api/internal/handlers/websocket.go:215.35,217.3 1 0
cubeos-api/internal/handlers/websocket.go:220.2,221.16 2 0
cubeos-api/internal/handlers/websocket.go:221.16,224.3 2 0
cubeos-api/internal/handlers/websocket.go:226.2,231.46 4 0
cubeos-api/internal/handlers/websocket.go:231.46,233.3 1 0
cubeos-api/internal/handlers/websocket.go:236.2,241.12 4 0
cubeos-api/internal/handlers/websocket.go:241.12,243.7 2 0
cubeos-api/internal/handlers/websocket.go:243.7,245.18 2 0
cubeos-api/internal/handlers/websocket.go:245.18,247.5 1 0
cubeos-api/internal/handlers/websocket.go:252.2,252.6 1 0
cubeos-api/internal/handlers/websocket.go:252.6,253.10 1 0
cubeos-api/internal/handlers/websocket.go:254.15,255.10 1 0
cubeos-api/internal/handlers/websocket.go:256.19,258.48 2 0
cubeos-api/internal/handlers/websocket.go:258.48,260.5 1 0
cubeos-api/internal/handlers/websocket.go:266.82,268.2 1 0
cubeos-api/internal/handlers/websocket.go:271.81,275.2 1 0
cubeos-api/internal/managers/appstore.go:47.80,83.2 12 0
cubeos-api/internal/managers/appstore.go:86.36,122.28 2 0
cubeos-api/internal/managers/appstore.go:122.28,124.3 1 0
cubeos-api/internal/managers/appstore.go:128.40,131.16 2 0
cubeos-api/internal/managers/appstore.go:131.16,133.3 1 0
cubeos-api/internal/managers/appstore.go:134.2,136.18 2 0
cubeos-api/internal/managers/appstore.go:136.18,143.21 6 0
cubeos-api/internal/managers/appstore.go:143.21,145.4 1 0
cubeos-api/internal/managers/appstore.go:146.3,147.30 2 0
cubeos-api/internal/managers/appstore.go:151.2,151.24 1 0
cubeos-api/internal/managers/appstore.go:151.24,152.46 1 0
cubeos-api/internal/managers/appstore.go:152.46,154.4 1 0
cubeos-api/internal/managers/appstore.go:159.47,163.16 2 0
cubeos-api/internal/managers/appstore.go:163.16,165.3 1 0
cubeos-api/internal/managers/appstore.go:166.2,168.18 2 0
cubeos-api/internal/managers/appstore.go:168.18,177.3 6 0
cubeos-api/internal/managers/appstore.go:180.66,188.16 3 0
cubeos-api/internal/managers/appstore.go:188.16,190.3 1 0
cubeos-api/internal/managers/appstore.go:191.2,192.12 2 0
cubeos-api/internal/managers/appstore.go:196.98,201.29 3 0
cubeos-api/internal/managers/appstore.go:201.29,202.19 1 0
cubeos-api/internal/managers/appstore.go:202.19,204.4 1 0
cubeos-api/internal/managers/appstore.go:207.2,216.42 3 0
cubeos-api/internal/managers/appstore.go:216.42,218.3 1 0
cubeos-api/internal/managers/appstore.go:220.2,220.19 1 0
cubeos-api/internal/managers/appstore.go:224.61,229.16 4 0
cubeos-api/internal/managers/appstore.go:229.16,231.3 1 0
cubeos-api/internal/managers/appstore.go:233.2,236.34 2 0
cubeos-api/internal/managers/appstore.go:236.34,237.29 1 0
cubeos-api/internal/managers/appstore.go:237.29,239.4 1 0
cubeos-api/internal/managers/appstore.go:242.2,242.12 1 0
cubeos-api/internal/managers/appstore.go:246.58,251.29 4 0
cubeos-api/internal/managers/appstore.go:251.29,253.3 1 0
cubeos-api/internal/managers/appstore.go:254.2,254.15 1 0
cubeos-api/internal/managers/appstore.go:258.69,262.2 3 0
cubeos-api/internal/managers/appstore.go:265.59,267.18 2 0
cubeos-api/internal/managers/appstore.go:267.18,269.3 1 0
cubeos-api/internal/managers/appstore.go:271.2,275.59 3 0
cubeos-api/internal/managers/appstore.go:275.59,277.3 1 0
cubeos-api/internal/managers/appstore.go:280.2,281.59 2 0
cubeos-api/internal/managers/appstore.go:281.59,283.3 1 0
cubeos-api/internal/managers/appstore.go:286.2,287.19 2 0
cubeos-api/internal/managers/appstore.go:287.19,289.3 1 0
cubeos-api/internal/managers/appstore.go:292.2,293.16 2 0
cubeos-api/internal/managers/appstore.go:293.16,295.3 1 0
cubeos-api/internal/managers/appstore.go:297.2,299.34 2 0
cubeos-api/internal/managers/appstore.go:299.34,300.29 1 0
cubeos-api/internal/managers/appstore.go:300.29,302.4 1 0
cubeos-api/internal/managers/appstore.go:305.2,306.32 2 0
cubeos-api/internal/managers/appstore.go:306.32,307.21 1 0
cubeos-api/internal/managers/appstore.go:307.21,308.12 1 0
cubeos-api/internal/managers/appstore.go:311.3,312.58 2 0
cubeos-api/internal/managers/appstore.go:312.58,313.12 1 0
cubeos-api/internal/managers/appstore.go:316.3,317.17 2 0
cubeos-api/internal/managers/appstore.go:317.17,318.12 1 0
cubeos-api/internal/managers/appstore.go:321.3,321.45 1 0
cubeos-api/internal/managers/appstore.go:321.45,322.12 1 0
cubeos-api/internal/managers/appstore.go:326.3,326.36 1 0
cubeos-api/internal/managers/appstore.go:326.36,327.33 1 0
cubeos-api/internal/managers/appstore.go:327.33,329.10 2 0
cubeos-api/internal/managers/appstore.go:333.3,334.13 2 0
cubeos-api/internal/managers/appstore.go:336.2,344.12 5 0
cubeos-api/internal/managers/appstore.go:348.49,350.38 2 0
cubeos-api/internal/managers/appstore.go:350.38,351.20 1 0
cubeos-api/internal/managers/appstore.go:351.20,352.48 1 0
cubeos-api/internal/managers/appstore.go:352.48,354.5 1 0
cubeos-api/internal/managers/appstore.go:357.2,357.16 1 0
cubeos-api/internal/managers/appstore.go:360.64,363.16 3 0
cubeos-api/internal/managers/appstore.go:363.16,365.3 1 0
cubeos-api/internal/managers/appstore.go:366.2,368.38 2 0
cubeos-api/internal/managers/appstore.go:368.38,370.3 1 0
cubeos-api/internal/managers/appstore.go:372.2,373.16 2 0
cubeos-api/internal/managers/appstore.go:373.16,375.3 1 0
cubeos-api/internal/managers/appstore.go:376.2,379.12 3 0
cubeos-api/internal/managers/appstore.go:382.62,384.16 2 0
cubeos-api/internal/managers/appstore.go:384.16,386.3 1 0
cubeos-api/internal/managers/appstore.go:387.2,391.27 3 0
cubeos-api/internal/managers/appstore.go:391.27,393.79 2 0
cubeos-api/internal/managers/appstore.go:393.79,394.12 1 0
cubeos-api/internal/managers/appstore.go:397.3,397.27 1 0
cubeos-api/internal/managers/appstore.go:397.27,399.12 2 0
cubeos-api/internal/managers/appstore.go:402.3,404.17 3 0
cubeos-api/internal/managers/appstore.go:404.17,405.12 1 0
cubeos-api/internal/managers/appstore.go:408.3,411.13 4 0
cubeos-api/internal/managers/appstore.go:414.2,414.12 1 0
cubeos-api/internal/managers/appstore.go:417.59,419.43 2 0
cubeos-api/internal/managers/appstore.go:419.43,421.3 1 0
cubeos-api/internal/managers/appstore.go:423.2,424.32 2 0
cubeos-api/internal/managers/appstore.go:424.32,425.20 1 0
cubeos-api/internal/managers/appstore.go:425.20,427.45 2 0
cubeos-api/internal/managers/appstore.go:427.45,429.5 1 0
cubeos-api/internal/managers/appstore.go:432.2,432.11 1 0
cubeos-api/internal/managers/appstore.go:435.98,437.16 2 0
cubeos-api/internal/managers/appstore.go:437.16,439.3 1 0
cubeos-api/internal/managers/appstore.go:441.2,442.56 2 0
cubeos-api/internal/managers/appstore.go:442.56,444.3 1 0
cubeos-api/internal/managers/appstore.go:446.2,446.77 1 0
cubeos-api/internal/managers/appstore.go:446.77,448.3 1 0
cubeos-api/internal/managers/appstore.go:450.2,451.9 2 0
cubeos-api/internal/managers/appstore.go:451.9,453.3 1 0
cubeos-api/internal/managers/appstore.go:455.2,456.68 2 0
cubeos-api/internal/managers/appstore.go:456.68,458.3 1 0
cubeos-api/internal/managers/appstore.go:460.2,461.25 2 0
cubeos-api/internal/managers/appstore.go:461.25,463.3 1 0
cubeos-api/internal/managers/appstore.go:466.2,468.16 3 0
cubeos-api/internal/managers/appstore.go:468.16,469.71 1 0
cubeos-api/internal/managers/appstore.go:469.71,471.4 1 0
cubeos-api/internal/managers/appstore.go:475.2,476.26 2 0
cubeos-api/internal/managers/appstore.go:476.26,478.44 2 0
cubeos-api/internal/managers/appstore.go:478.44,480.4 1 0
cubeos-api/internal/managers/appstore.go:483.2,502.8 1 0
cubeos-api/internal/managers/appstore.go:505.65,513.29 3 0
cubeos-api/internal/managers/appstore.go:513.29,514.42 1 0
cubeos-api/internal/managers/appstore.go:514.42,515.38 1 0
cubeos-api/internal/managers/appstore.go:515.38,517.5 1 0
cubeos-api/internal/managers/appstore.go:520.2,520.14 1 0
cubeos-api/internal/managers/appstore.go:524.91,531.32 5 0
cubeos-api/internal/managers/appstore.go:531.32,532.46 1 0
cubeos-api/internal/managers/appstore.go:532.46,533.12 1 0
cubeos-api/internal/managers/appstore.go:536.3,536.67 1 0
cubeos-api/internal/managers/appstore.go:536.67,537.12 1 0
cubeos-api/internal/managers/appstore.go:540.3,540.19 1 0
cubeos-api/internal/managers/appstore.go:540.19,542.19 2 0
cubeos-api/internal/managers/appstore.go:542.19,544.5 1 0
cubeos-api/internal/managers/appstore.go:545.4,550.42 3 0
cubeos-api/internal/managers/appstore.go:550.42,551.13 1 0
cubeos-api/internal/managers/appstore.go:555.3,555.27 1 0
cubeos-api/internal/managers/appstore.go:559.2,559.39 1 0
cubeos-api/internal/managers/appstore.go:559.39,561.3 1 0
cubeos-api/internal/managers/appstore.go:563.2,563.13 1 0
cubeos-api/internal/managers/appstore.go:567.76,571.2 3 0
cubeos-api/internal/managers/appstore.go:574.83,576.16 2 0
cubeos-api/internal/managers/appstore.go:576.16,578.3 1 0
cubeos-api/internal/managers/appstore.go:580.2,580.38 1 0
cubeos-api/internal/managers/appstore.go:584.65,589.32 4 0
cubeos-api/internal/managers/appstore.go:589.32,590.25 1 0
cubeos-api/internal/managers/appstore.go:590.25,592.4 1 0
cubeos-api/internal/managers/appstore.go:595.2,596.34 2 0
cubeos-api/internal/managers/appstore.go:596.34,598.3 1 0
cubeos-api/internal/managers/appstore.go:600.2,600.39 1 0
cubeos-api/internal/managers/appstore.go:600.39,602.3 1 0
cubeos-api/internal/managers/appstore.go:604.2,604.13 1 0
cubeos-api/internal/managers/appstore.go:608.71,611.19 3 0
cubeos-api/internal/managers/appstore.go:611.19,613.3 1 0
cubeos-api/internal/managers/appstore.go:614.2,614.52 1 0
cubeos-api/internal/managers/appstore.go:618.88,621.19 3 0
cubeos-api/internal/managers/appstore.go:621.19,623.3 1 0
cubeos-api/internal/managers/appstore.go:624.2,624.81 1 0
cubeos-api/internal/managers/appstore.go:628.99,630.21 2 0
cubeos-api/internal/managers/appstore.go:630.21,632.3 1 0
cubeos-api/internal/managers/appstore.go:635.2,635.35 1 0
cubeos-api/internal/managers/appstore.go:635.35,636.31 1 0
cubeos-api/internal/managers/appstore.go:636.31,638.4 1 0
cubeos-api/internal/managers/appstore.go:642.2,643.16 2 0
cubeos-api/internal/managers/appstore.go:643.16,645.3 1 0
cubeos-api/internal/managers/appstore.go:648.2,659.83 8 0
cubeos-api/internal/managers/appstore.go:659.83,661.3 1 0
cubeos-api/internal/managers/appstore.go:664.2,666.57 3 0
cubeos-api/internal/managers/appstore.go:666.57,668.3 1 0
cubeos-api/internal/managers/appstore.go:671.2,673.55 3 0
cubeos-api/internal/managers/appstore.go:673.55,675.3 1 0
cubeos-api/internal/managers/appstore.go:678.2,679.28 2 0
cubeos-api/internal/managers/appstore.go:679.28,681.19 2 0
cubeos-api/internal/managers/appstore.go:681.19,683.4 1 0
cubeos-api/internal/managers/appstore.go:684.3,685.18 2 0
cubeos-api/internal/managers/appstore.go:685.18,687.4 1 0
cubeos-api/internal/managers/appstore.go:688.3,688.81 1 0
cubeos-api/internal/managers/appstore.go:692.2,693.17 2 0
cubeos-api/internal/managers/appstore.go:693.17,695.18 2 0
cubeos-api/internal/managers/appstore.go:695.18,697.4 1 0
cubeos-api/internal/managers/appstore.go:701.2,727.16 3 0
cubeos-api/internal/managers/appstore.go:727.16,729.3 1 0
cubeos-api/internal/managers/appstore.go:731.2,733.43 3 0
cubeos-api/internal/managers/appstore.go:733.43,735.3 1 0
cubeos-api/internal/managers/appstore.go:736.2,738.23 2 0
cubeos-api/internal/managers/appstore.go:741.114,746.14 4 0
cubeos-api/internal/managers/appstore.go:746.14,748.3 1 0
cubeos-api/internal/managers/appstore.go:751.2,767.37 4 0
cubeos-api/internal/managers/appstore.go:767.37,769.3 1 0
cubeos-api/internal/managers/appstore.go:772.2,776.41 3 0
cubeos-api/internal/managers/appstore.go:776.41,778.3 1 0
cubeos-api/internal/managers/appstore.go:780.2,780.15 1 0
cubeos-api/internal/managers/appstore.go:783.60,784.47 1 0
cubeos-api/internal/managers/appstore.go:784.47,786.17 2 0
cubeos-api/internal/managers/appstore.go:786.17,789.4 2 0
cubeos-api/internal/managers/appstore.go:791.2,791.14 1 0
cubeos-api/internal/managers/appstore.go:795.69,800.34 4 0
cubeos-api/internal/managers/appstore.go:800.34,804.3 2 0
cubeos-api/internal/managers/appstore.go:806.2,806.39 1 0
cubeos-api/internal/managers/appstore.go:806.39,808.3 1 0
cubeos-api/internal/managers/appstore.go:810.2,810.13 1 0
cubeos-api/internal/managers/appstore.go:814.78,819.16 4 0
cubeos-api/internal/managers/appstore.go:819.16,821.3 1 0
cubeos-api/internal/managers/appstore.go:822.2,822.12 1 0
cubeos-api/internal/managers/appstore.go:825.70,831.16 5 0
cubeos-api/internal/managers/appstore.go:831.16,834.3 2 0
cubeos-api/internal/managers/appstore.go:837.2,839.29 3 0
cubeos-api/internal/managers/appstore.go:839.29,840.17 1 0
cubeos-api/internal/managers/appstore.go:840.17,841.12 1 0
cubeos-api/internal/managers/appstore.go:843.3,844.58 2 0
cubeos-api/internal/managers/appstore.go:844.58,846.4 1 0
cubeos-api/internal/managers/appstore.go:849.2,849.26 1 0
cubeos-api/internal/managers/appstore.go:849.26,852.3 2 0
cubeos-api/internal/managers/appstore.go:855.2,856.31 2 0
cubeos-api/internal/managers/appstore.go:856.31,858.25 2 0
cubeos-api/internal/managers/appstore.go:858.25,860.9 2 0
cubeos-api/internal/managers/appstore.go:864.2,864.13 1 0
cubeos-api/internal/managers/appstore.go:864.13,866.3 1 0
cubeos-api/internal/managers/appstore.go:866.8,868.3 1 0
cubeos-api/internal/managers/appstore.go:871.2,872.31 2 0
cubeos-api/internal/managers/appstore.go:872.31,880.3 1 0
cubeos-api/internal/managers/appstore.go:883.61,884.25 1 0
cubeos-api/internal/managers/appstore.go:884.25,885.30 1 0
cubeos-api/internal/managers/appstore.go:885.30,887.4 1 0
cubeos-api/internal/managers/appstore.go:889.2,889.11 1 0
cubeos-api/internal/managers/appstore.go:893.56,895.16 2 0
cubeos-api/internal/managers/appstore.go:895.16,897.3 1 0
cubeos-api/internal/managers/appstore.go:899.2,900.53 2 0
cubeos-api/internal/managers/appstore.go:900.53,902.3 1 0
cubeos-api/internal/managers/appstore.go:904.2,906.12 3 0
cubeos-api/internal/managers/appstore.go:910.55,912.16 2 0
cubeos-api/internal/managers/appstore.go:912.16,914.3 1 0
cubeos-api/internal/managers/appstore.go:916.2,917.53 2 0
cubeos-api/internal/managers/appstore.go:917.53,919.3 1 0
cubeos-api/internal/managers/appstore.go:921.2,923.12 3 0
cubeos-api/internal/managers/appstore.go:927.58,929.16 2 0
cubeos-api/internal/managers/appstore.go:929.16,931.3 1 0
cubeos-api/internal/managers/appstore.go:933.2,934.53 2 0
cubeos-api/internal/managers/appstore.go:934.53,936.3 1 0
cubeos-api/internal/managers/appstore.go:938.2,940.12 3 0
cubeos-api/internal/managers/appstore.go:944.74,946.16 2 0
cubeos-api/internal/managers/appstore.go:946.16,948.3 1 0
cubeos-api/internal/managers/appstore.go:951.2,953.20 3 0
cubeos-api/internal/managers/appstore.go:953.20,954.58 1 0
cubeos-api/internal/managers/appstore.go:954.58,956.4 1 0
cubeos-api/internal/managers/appstore.go:960.2,971.16 7 0
cubeos-api/internal/managers/appstore.go:971.16,974.3 1 0
cubeos-api/internal/managers/appstore.go:974.8,977.3 1 0
cubeos-api/internal/managers/appstore.go:980.2,985.26 4 0
cubeos-api/internal/managers/appstore.go:985.26,986.52 1 0
cubeos-api/internal/managers/appstore.go:986.52,988.4 1 0
cubeos-api/internal/managers/appstore.go:990.2,992.12 2 0
cubeos-api/internal/managers/appstore.go:995.65,998.2 1 0
cubeos-api/internal/managers/appstore.go:1001.40,1004.2 2 0
cubeos-api/internal/managers/appstore.go:1046.42,1059.51 4 0
cubeos-api/internal/managers/appstore.go:1059.51,1061.30 2 0
cubeos-api/internal/managers/appstore.go:1061.30,1062.51 1 0
cubeos-api/internal/managers/appstore.go:1062.51,1064.5 1 0
cubeos-api/internal/managers/appstore.go:1065.4,1065.54 1 0
cubeos-api/internal/managers/appstore.go:1065.54,1067.5 1 0
cubeos-api/internal/managers/appstore.go:1071.2,1072.16 2 0
cubeos-api/internal/managers/appstore.go:1072.16,1075.3 2 0
cubeos-api/internal/managers/appstore.go:1077.2,1081.52 4 0
cubeos-api/internal/managers/appstore.go:1085.77,1098.16 4 0
cubeos-api/internal/managers/appstore.go:1098.16,1100.3 1 0
cubeos-api/internal/managers/appstore.go:1101.2,1103.38 2 0
cubeos-api/internal/managers/appstore.go:1103.38,1106.3 2 0
cubeos-api/internal/managers/appstore.go:1108.2,1109.70 2 0
cubeos-api/internal/managers/appstore.go:1109.70,1111.3 1 0
cubeos-api/internal/managers/appstore.go:1113.2,1113.29 1 0
cubeos-api/internal/managers/appstore.go:1117.112,1122.17 4 0
cubeos-api/internal/managers/appstore.go:1122.17,1124.3 1 0
cubeos-api/internal/managers/appstore.go:1126.2,1143.16 4 0
cubeos-api/internal/managers/appstore.go:1143.16,1145.3 1 0
cubeos-api/internal/managers/appstore.go:1147.2,1152.16 5 0
cubeos-api/internal/managers/appstore.go:1152.16,1154.3 1 0
cubeos-api/internal/managers/appstore.go:1155.2,1157.79 2 0
cubeos-api/internal/managers/appstore.go:1157.79,1160.3 2 0
cubeos-api/internal/managers/appstore.go:1163.2,1164.67 2 0
cubeos-api/internal/managers/appstore.go:1164.67,1167.3 1 0
cubeos-api/internal/managers/appstore.go:1169.2,1169.12 1 0
cubeos-api/internal/managers/appstore.go:1173.65,1174.18 1 0
cubeos-api/internal/managers/appstore.go:1174.18,1176.3 1 0
cubeos-api/internal/managers/appstore.go:1178.2,1182.17 4 0
cubeos-api/internal/managers/appstore.go:1182.17,1184.3 1 0
cubeos-api/internal/managers/appstore.go:1186.2,1187.16 2 0
cubeos-api/internal/managers/appstore.go:1187.16,1189.3 1 0
cubeos-api/internal/managers/appstore.go:1191.2,1195.16 4 0
cubeos-api/internal/managers/appstore.go:1195.16,1197.3 1 0
cubeos-api/internal/managers/appstore.go:1198.2,1200.81 2 0
cubeos-api/internal/managers/appstore.go:1200.81,1203.3 2 0
cubeos-api/internal/managers/appstore.go:1205.2,1205.12 1 0
cubeos-api/internal/managers/appstore.go:1209.70,1214.17 4 0
cubeos-api/internal/managers/appstore.go:1214.17,1216.3 1 0
cubeos-api/internal/managers/appstore.go:1218.2,1219.16 2 0
cubeos-api/internal/managers/appstore.go:1219.16,1221.3 1 0
cubeos-api/internal/managers/appstore.go:1223.2,1227.16 4 0
cubeos-api/internal/managers/appstore.go:1227.16,1229.3 1 0
cubeos-api/internal/managers/appstore.go:1230.2,1233.66 3 0
cubeos-api/internal/managers/appstore.go:1233.66,1235.3 1 0
cubeos-api/internal/managers/appstore.go:1237.2,1237.19 1 0
cubeos-api/internal/managers/appstore.go:1255.90,1257.15 2 0
cubeos-api/internal/managers/appstore.go:1257.15,1261.3 2 0
cubeos-api/internal/managers/appstore.go:1261.8,1266.56 3 0
cubeos-api/internal/managers/appstore.go:1266.56,1268.4 1 0
cubeos-api/internal/managers/appstore.go:1272.2,1272.52 1 0
cubeos-api/internal/managers/appstore.go:1272.52,1274.3 1 0
cubeos-api/internal/managers/appstore.go:1276.2,1284.55 3 0
cubeos-api/internal/managers/appstore.go:1284.55,1286.52 2 0
cubeos-api/internal/managers/appstore.go:1286.52,1288.4 1 0
cubeos-api/internal/managers/appstore.go:1292.2,1293.51 2 0
cubeos-api/internal/managers/appstore.go:1293.51,1295.3 1 0
cubeos-api/internal/managers/appstore.go:1297.2,1297.20 1 0
cubeos-api/internal/managers/appstore.go:1301.111,1303.15 2 0
cubeos-api/internal/managers/appstore.go:1303.15,1307.3 2 0
cubeos-api/internal/managers/appstore.go:1307.8,1312.56 3 0
cubeos-api/internal/managers/appstore.go:1312.56,1314.4 1 0
cubeos-api/internal/managers/appstore.go:1318.2,1318.52 1 0
cubeos-api/internal/managers/appstore.go:1318.52,1320.3 1 0
cubeos-api/internal/managers/appstore.go:1323.2,1330.55 5 0
cubeos-api/internal/managers/appstore.go:1330.55,1332.3 1 0
cubeos-api/internal/managers/appstore.go:1335.2,1335.51 1 0
cubeos-api/internal/managers/appstore.go:1335.51,1337.3 1 0
cubeos-api/internal/managers/appstore.go:1340.2,1340.23 1 0
cubeos-api/internal/managers/appstore.go:1340.23,1342.72 2 0
cubeos-api/internal/managers/appstore.go:1342.72,1344.4 1 0
cubeos-api/internal/managers/appstore.go:1345.3,1345.78 1 0
cubeos-api/internal/managers/appstore.go:1345.78,1347.4 1 0
cubeos-api/internal/managers/appstore.go:1351.2,1351.22 1 0
cubeos-api/internal/managers/appstore.go:1351.22,1352.73 1 0
cubeos-api/internal/managers/appstore.go:1352.73,1354.4 1 0
cubeos-api/internal/managers/appstore.go:1357.2,1357.12 1 0
cubeos-api/internal/managers/appstore.go:1361.84,1363.15 2 0
cubeos-api/internal/managers/appstore.go:1363.15,1365.3 1 0
cubeos-api/internal/managers/appstore.go:1365.8,1367.3 1 0
cubeos-api/internal/managers/appstore.go:1369.2,1375.57 5 0
cubeos-api/internal/managers/appstore.go:1375.57,1377.3 1 0
cubeos-api/internal/managers/appstore.go:1380.2,1382.58 3 0
cubeos-api/internal/managers/appstore.go:1382.58,1384.3 1 0
cubeos-api/internal/managers/appstore.go:1386.2,1386.12 1 0
cubeos-api/internal/managers/appstore.go:1390.63,1392.16 2 0
cubeos-api/internal/managers/appstore.go:1392.16,1394.3 1 0
cubeos-api/internal/managers/appstore.go:1396.2,1397.32 2 0
cubeos-api/internal/managers/appstore.go:1397.32,1398.21 1 0
cubeos-api/internal/managers/appstore.go:1398.21,1399.12 1 0
cubeos-api/internal/managers/appstore.go:1402.3,1403.17 2 0
cubeos-api/internal/managers/appstore.go:1403.17,1404.12 1 0
cubeos-api/internal/managers/appstore.go:1406.3,1406.31 1 0
cubeos-api/internal/managers/appstore.go:1409.2,1409.18 1 0
cubeos-api/internal/managers/appstore.go:1413.92,1415.15 2 0
cubeos-api/internal/managers/appstore.go:1415.15,1417.3 1 0
cubeos-api/internal/managers/appstore.go:1417.8,1419.3 1 0
cubeos-api/internal/managers/appstore.go:1421.2,1423.16 3 0
cubeos-api/internal/managers/appstore.go:1423.16,1425.3 1 0
cubeos-api/internal/managers/appstore.go:1427.2,1428.32 2 0
cubeos-api/internal/managers/appstore.go:1428.32,1429.20 1 0
cubeos-api/internal/managers/appstore.go:1429.20,1431.4 1 0
cubeos-api/internal/managers/appstore.go:1434.2,1434.21 1 0
cubeos-api/internal/managers/appstore.go:1438.102,1440.15 2 0
cubeos-api/internal/managers/appstore.go:1440.15,1442.3 1 0
cubeos-api/internal/managers/appstore.go:1442.8,1444.3 1 0
cubeos-api/internal/managers/appstore.go:1446.2,1447.54 2 0
cubeos-api/internal/managers/appstore.go:1447.54,1449.3 1 0
cubeos-api/internal/managers/appstore.go:1452.2,1452.90 1 0
cubeos-api/internal/managers/appstore.go:1452.90,1454.3 1 0
cubeos-api/internal/managers/appstore.go:1457.2,1457.76 1 0
cubeos-api/internal/managers/appstore.go:1457.76,1459.3 1 0
cubeos-api/internal/managers/appstore.go:1461.2,1461.12 1 0
cubeos-api/internal/managers/appstore.go:1465.62,1471.2 2 0
cubeos-api/internal/managers/backup.go:26.40,30.2 3 0
cubeos-api/internal/managers/backup.go:55.59,59.16 3 0
cubeos-api/internal/managers/backup.go:59.16,61.3 1 0
cubeos-api/internal/managers/backup.go:63.2,63.32 1 0
cubeos-api/internal/managers/backup.go:63.32,64.67 1 0
cubeos-api/internal/managers/backup.go:64.67,65.12 1 0
cubeos-api/internal/managers/backup.go:68.3,69.17 2 0
cubeos-api/internal/managers/backup.go:69.17,70.12 1 0
cubeos-api/internal/managers/backup.go:74.3,84.57 3 0
cubeos-api/internal/managers/backup.go:84.57,86.46 2 0
cubeos-api/internal/managers/backup.go:86.46,87.43 1 0
cubeos-api/internal/managers/backup.go:87.43,89.6 1 0
cubeos-api/internal/managers/backup.go:90.5,90.50 1 0
cubeos-api/internal/managers/backup.go:90.50,92.6 1 0
cubeos-api/internal/managers/backup.go:93.5,93.56 1 0
cubeos-api/internal/managers/backup.go:93.56,94.28 1 0
cubeos-api/internal/managers/backup.go:94.28,95.34 1 0
cubeos-api/internal/managers/backup.go:95.34,97.8 1 0
cubeos-api/internal/managers/backup.go:104.3,104.24 1 0
cubeos-api/internal/managers/backup.go:104.24,105.46 1 0
cubeos-api/internal/managers/backup.go:105.46,107.5 1 0
cubeos-api/internal/managers/backup.go:107.10,107.55 1 0
cubeos-api/internal/managers/backup.go:107.55,109.5 1 0
cubeos-api/internal/managers/backup.go:109.10,109.57 1 0
cubeos-api/internal/managers/backup.go:109.57,111.5 1 0
cubeos-api/internal/managers/backup.go:111.10,113.5 1 0
cubeos-api/internal/managers/backup.go:116.3,116.36 1 0
cubeos-api/internal/managers/backup.go:120.2,120.42 1 0
cubeos-api/internal/managers/backup.go:120.42,122.3 1 0
cubeos-api/internal/managers/backup.go:124.2,124.16 1 0
cubeos-api/internal/managers/backup.go:128.71,130.28 2 0
cubeos-api/internal/managers/backup.go:130.28,131.23 1 0
cubeos-api/internal/managers/backup.go:131.23,133.4 1 0
cubeos-api/internal/managers/backup.go:135.2,135.12 1 0
cubeos-api/internal/managers/backup.go:139.46,142.16 3 0
cubeos-api/internal/managers/backup.go:142.16,144.3 1 0
cubeos-api/internal/managers/backup.go:146.2,146.32 1 0
cubeos-api/internal/managers/backup.go:146.32,147.44 1 0
cubeos-api/internal/managers/backup.go:147.44,149.4 1 0
cubeos-api/internal/managers/backup.go:151.2,151.14 1 0
cubeos-api/internal/managers/backup.go:155.140,157.9 2 0
cubeos-api/internal/managers/backup.go:157.9,159.3 1 0
cubeos-api/internal/managers/backup.go:162.2,169.16 6 0
cubeos-api/internal/managers/backup.go:169.16,171.3 1 0
cubeos-api/internal/managers/backup.go:172.2,175.14 3 0
cubeos-api/internal/managers/backup.go:175.14,179.3 3 0
cubeos-api/internal/managers/backup.go:181.2,186.29 4 0
cubeos-api/internal/managers/backup.go:186.29,189.50 2 0
cubeos-api/internal/managers/backup.go:189.50,191.57 2 0
cubeos-api/internal/managers/backup.go:191.57,192.13 1 0
cubeos-api/internal/managers/backup.go:196.3,197.17 2 0
cubeos-api/internal/managers/backup.go:197.17,199.4 1 0
cubeos-api/internal/managers/backup.go:203.2,214.48 4 0
cubeos-api/internal/managers/backup.go:214.48,219.3 1 0
cubeos-api/internal/managers/backup.go:221.2,224.8 1 0
cubeos-api/internal/managers/backup.go:227.82,228.83 1 0
cubeos-api/internal/managers/backup.go:228.83,229.17 1 0
cubeos-api/internal/managers/backup.go:229.17,231.4 1 0
cubeos-api/internal/managers/backup.go:234.3,235.17 2 0
cubeos-api/internal/managers/backup.go:235.17,237.4 1 0
cubeos-api/internal/managers/backup.go:240.3,243.48 3 0
cubeos-api/internal/managers/backup.go:243.48,245.4 1 0
cubeos-api/internal/managers/backup.go:248.3,248.18 1 0
cubeos-api/internal/managers/backup.go:248.18,250.18 2 0
cubeos-api/internal/managers/backup.go:250.18,252.5 1 0
cubeos-api/internal/managers/backup.go:253.4,255.44 2 0
cubeos-api/internal/managers/backup.go:255.44,257.5 1 0
cubeos-api/internal/managers/backup.go:260.3,260.13 1 0
cubeos-api/internal/managers/backup.go:265.111,267.19 2 0
cubeos-api/internal/managers/backup.go:267.19,269.3 1 0
cubeos-api/internal/managers/backup.go:271.2,275.16 3 0
cubeos-api/internal/managers/backup.go:275.16,277.3 1 0
cubeos-api/internal/managers/backup.go:278.2,281.16 3 0
cubeos-api/internal/managers/backup.go:281.16,283.3 1 0
cubeos-api/internal/managers/backup.go:284.2,289.6 3 0
cubeos-api/internal/managers/backup.go:289.6,291.20 2 0
cubeos-api/internal/managers/backup.go:291.20,292.9 1 0
cubeos-api/internal/managers/backup.go:294.3,294.17 1 0
cubeos-api/internal/managers/backup.go:294.17,296.4 1 0
cubeos-api/internal/managers/backup.go:299.3,299.42 1 0
cubeos-api/internal/managers/backup.go:299.42,300.12 1 0
cubeos-api/internal/managers/backup.go:304.3,305.37 2 0
cubeos-api/internal/managers/backup.go:305.37,307.12 2 0
cubeos-api/internal/managers/backup.go:311.3,315.17 3 0
cubeos-api/internal/managers/backup.go:315.17,316.12 1 0
cubeos-api/internal/managers/backup.go:319.3,321.45 3 0
cubeos-api/internal/managers/backup.go:324.2,327.8 1 0
cubeos-api/internal/managers/backup.go:331.79,333.19 2 0
cubeos-api/internal/managers/backup.go:333.19,335.3 1 0
cubeos-api/internal/managers/backup.go:337.2,346.3 5 0
cubeos-api/internal/managers/backup.go:350.67,352.19 2 0
cubeos-api/internal/managers/backup.go:352.19,354.3 1 0
cubeos-api/internal/managers/backup.go:355.2,355.52 1 0
cubeos-api/internal/managers/backup.go:359.59,364.33 4 0
cubeos-api/internal/managers/backup.go:364.33,365.40 1 0
cubeos-api/internal/managers/backup.go:365.40,370.4 1 0
cubeos-api/internal/managers/backup.go:371.3,372.87 2 0
cubeos-api/internal/managers/backup.go:375.2,380.3 1 0
cubeos-api/internal/managers/backup.go:384.67,386.20 2 0
cubeos-api/internal/managers/backup.go:386.20,388.3 1 0
cubeos-api/internal/managers/backup.go:390.2,391.16 2 0
cubeos-api/internal/managers/backup.go:391.16,393.3 1 0
cubeos-api/internal/managers/backup.go:394.2,397.47 3 0
cubeos-api/internal/managers/backup.go:397.47,399.3 1 0
cubeos-api/internal/managers/backup.go:401.2,401.47 1 0
cubeos-api/internal/managers/backup.go:404.55,406.18 2 0
cubeos-api/internal/managers/backup.go:406.18,408.3 1 0
cubeos-api/internal/managers/backup.go:409.2,410.46 2 0
cubeos-api/internal/managers/backup.go:410.46,413.3 2 0
cubeos-api/internal/managers/backup.go:414.2,414.76 1 0
cubeos-api/internal/managers/database.go:13.54,15.2 1 0
cubeos-api/internal/managers/database.go:18.40,20.2 1 0
cubeos-api/internal/managers/database.go:23.87,25.2 1 0
cubeos-api/internal/managers/database.go:28.87,30.2 1 0
cubeos-api/internal/managers/database.go:33.80,35.2 1 0
cubeos-api/internal/managers/docker.go:27.67,29.16 2 0
cubeos-api/internal/managers/docker.go:29.16,31.3 1 0
cubeos-api/internal/managers/docker.go:34.2,37.41 3 0
cubeos-api/internal/managers/docker.go:37.41,39.3 1 0
cubeos-api/internal/managers/docker.go:41.2,44.8 1 0
cubeos-api/internal/managers/docker.go:48.39,50.2 1 0
cubeos-api/internal/managers/docker.go:53.93,55.16 2 0
cubeos-api/internal/managers/docker.go:55.16,57.3 1 0
cubeos-api/internal/managers/docker.go:59.2,60.31 2 0
[...]
cubeos-api/internal/managers/storage.go:674.2,674.38 1 0
cubeos-api/internal/managers/storage.go:674.38,676.3 1 0
cubeos-api/internal/managers/storage.go:679.2,679.79 1 0
cubeos-api/internal/managers/storage.go:679.79,680.53 1 0
cubeos-api/internal/managers/storage.go:680.53,681.14 1 0
cubeos-api/internal/managers/storage.go:681.14,683.5 1 0
cubeos-api/internal/managers/storage.go:683.10,686.5 2 0
cubeos-api/internal/managers/storage.go:691.2,691.81 1 0
cubeos-api/internal/managers/storage.go:691.81,692.56 1 0
cubeos-api/internal/managers/storage.go:692.56,694.4 1 0
cubeos-api/internal/managers/storage.go:698.2,698.71 1 0
cubeos-api/internal/managers/storage.go:698.71,699.51 1 0
cubeos-api/internal/managers/storage.go:699.51,701.4 1 0
cubeos-api/internal/managers/storage.go:705.2,705.76 1 0
cubeos-api/internal/managers/storage.go:705.76,706.50 1 0
cubeos-api/internal/managers/storage.go:706.50,708.4 1 0
cubeos-api/internal/managers/storage.go:712.2,712.68 1 0
cubeos-api/internal/managers/storage.go:712.68,714.3 1 0
cubeos-api/internal/managers/storage.go:717.2,717.84 1 0
cubeos-api/internal/managers/storage.go:717.84,718.57 1 0
cubeos-api/internal/managers/storage.go:718.57,719.34 1 0
cubeos-api/internal/managers/storage.go:719.34,720.57 1 0
cubeos-api/internal/managers/storage.go:720.57,722.44 2 0
cubeos-api/internal/managers/storage.go:722.44,724.7 1 0
cubeos-api/internal/managers/storage.go:725.6,725.47 1 0
cubeos-api/internal/managers/storage.go:725.47,727.7 1 0
cubeos-api/internal/managers/storage.go:728.6,728.50 1 0
cubeos-api/internal/managers/storage.go:728.50,730.7 1 0
cubeos-api/internal/managers/storage.go:731.6,731.50 1 0
cubeos-api/internal/managers/storage.go:731.50,733.7 1 0
cubeos-api/internal/managers/storage.go:734.6,734.52 1 0
cubeos-api/internal/managers/storage.go:734.52,736.7 1 0
cubeos-api/internal/managers/storage.go:737.6,737.61 1 0
cubeos-api/internal/managers/storage.go:737.61,738.51 1 0
cubeos-api/internal/managers/storage.go:738.51,740.8 1 0
cubeos-api/internal/managers/storage.go:742.6,742.65 1 0
cubeos-api/internal/managers/storage.go:742.65,743.67 1 0
cubeos-api/internal/managers/storage.go:743.67,745.8 1 0
cubeos-api/internal/managers/storage.go:745.13,747.8 1 0
cubeos-api/internal/managers/storage.go:749.6,749.80 1 0
cubeos-api/internal/managers/storage.go:749.80,752.7 2 0
cubeos-api/internal/managers/storage.go:753.6,753.62 1 0
cubeos-api/internal/managers/storage.go:760.2,762.20 2 0
cubeos-api/internal/managers/storage.go:765.82,775.22 4 0
cubeos-api/internal/managers/storage.go:775.22,779.3 2 0
cubeos-api/internal/managers/storage.go:780.2,783.43 2 0
cubeos-api/internal/managers/storage.go:783.43,785.3 1 0
cubeos-api/internal/managers/storage.go:785.8,785.50 1 0
cubeos-api/internal/managers/storage.go:785.50,787.3 1 0
cubeos-api/internal/managers/storage.go:790.2,790.103 1 0
cubeos-api/internal/managers/storage.go:790.103,792.3 1 0
cubeos-api/internal/managers/storage.go:792.8,792.110 1 0
cubeos-api/internal/managers/storage.go:792.110,794.3 1 0
cubeos-api/internal/managers/storage.go:797.2,797.104 1 0
cubeos-api/internal/managers/storage.go:797.104,799.3 1 0
cubeos-api/internal/managers/storage.go:802.2,802.38 1 0
cubeos-api/internal/managers/storage.go:802.38,804.3 1 0
cubeos-api/internal/managers/storage.go:804.8,804.55 1 0
cubeos-api/internal/managers/storage.go:804.55,806.3 1 0
cubeos-api/internal/managers/storage.go:806.8,806.57 1 0
cubeos-api/internal/managers/storage.go:806.57,808.3 1 0
cubeos-api/internal/managers/storage.go:810.2,810.20 1 0
cubeos-api/internal/managers/storage.go:813.70,822.41 2 0
cubeos-api/internal/managers/storage.go:822.41,823.43 1 0
cubeos-api/internal/managers/storage.go:823.43,824.91 1 0
cubeos-api/internal/managers/storage.go:824.91,826.5 1 0
cubeos-api/internal/managers/storage.go:835.31,838.2 2 0
cubeos-api/internal/managers/storage.go:840.33,841.7 1 0
cubeos-api/internal/managers/storage.go:841.7,843.3 1 0
cubeos-api/internal/managers/storage.go:844.2,844.13 1 0
cubeos-api/internal/managers/storage.go:847.38,849.18 2 0
cubeos-api/internal/managers/storage.go:849.18,851.3 1 0
cubeos-api/internal/managers/storage.go:852.2,853.46 2 0
cubeos-api/internal/managers/storage.go:853.46,856.3 2 0
cubeos-api/internal/managers/storage.go:857.2,857.76 1 0
cubeos-api/internal/managers/system.go:30.40,32.2 1 0
cubeos-api/internal/managers/system.go:36.46,38.64 1 0
cubeos-api/internal/managers/system.go:38.64,40.3 1 0
cubeos-api/internal/managers/system.go:43.2,43.59 1 0
cubeos-api/internal/managers/system.go:43.59,45.3 1 0
cubeos-api/internal/managers/system.go:48.2,49.17 2 0
cubeos-api/internal/managers/system.go:53.67,55.16 2 0
cubeos-api/internal/managers/system.go:55.16,57.3 1 0
cubeos-api/internal/managers/system.go:59.2,61.21 3 0
cubeos-api/internal/managers/system.go:61.21,63.47 2 0
cubeos-api/internal/managers/system.go:63.47,67.4 3 0
cubeos-api/internal/managers/system.go:70.2,70.41 1 0
cubeos-api/internal/managers/system.go:74.51,76.16 2 0
cubeos-api/internal/managers/system.go:76.16,78.3 1 0
cubeos-api/internal/managers/system.go:79.2,79.27 1 0
cubeos-api/internal/managers/system.go:83.50,85.2 1 0
cubeos-api/internal/managers/system.go:88.70,90.69 1 0
cubeos-api/internal/managers/system.go:90.69,92.3 1 0
cubeos-api/internal/managers/system.go:95.2,96.16 2 0
cubeos-api/internal/managers/system.go:96.16,98.3 1 0
cubeos-api/internal/managers/system.go:100.2,101.21 2 0
cubeos-api/internal/managers/system.go:101.21,103.40 2 0
cubeos-api/internal/managers/system.go:103.40,105.23 2 0
cubeos-api/internal/managers/system.go:105.23,107.5 1 0
cubeos-api/internal/managers/system.go:108.9,108.49 1 0
cubeos-api/internal/managers/system.go:108.49,110.23 2 0
cubeos-api/internal/managers/system.go:110.23,112.5 1 0
cubeos-api/internal/managers/system.go:115.2,115.8 1 0
cubeos-api/internal/managers/system.go:119.46,121.34 2 0
cubeos-api/internal/managers/system.go:121.34,123.3 1 0
cubeos-api/internal/managers/system.go:124.2,124.26 1 0
cubeos-api/internal/managers/system.go:128.53,130.16 2 0
cubeos-api/internal/managers/system.go:130.16,132.3 1 0
cubeos-api/internal/managers/system.go:134.2,135.68 2 0
cubeos-api/internal/managers/system.go:139.49,141.16 2 0
cubeos-api/internal/managers/system.go:141.16,143.3 1 0
cubeos-api/internal/managers/system.go:144.2,144.43 1 0
cubeos-api/internal/managers/system.go:148.61,152.16 3 0
cubeos-api/internal/managers/system.go:152.16,154.3 1 0
cubeos-api/internal/managers/system.go:156.2,156.35 1 0
cubeos-api/internal/managers/system.go:156.35,157.63 1 0
cubeos-api/internal/managers/system.go:157.63,159.4 1 0
cubeos-api/internal/managers/system.go:161.2,161.13 1 0
cubeos-api/internal/managers/system.go:165.60,169.16 3 0
cubeos-api/internal/managers/system.go:169.16,171.3 1 0
cubeos-api/internal/managers/system.go:173.2,173.35 1 0
cubeos-api/internal/managers/system.go:173.35,175.17 2 0
cubeos-api/internal/managers/system.go:175.17,176.12 1 0
cubeos-api/internal/managers/system.go:178.3,178.30 1 0
cubeos-api/internal/managers/system.go:178.30,179.67 1 0
cubeos-api/internal/managers/system.go:179.67,181.10 2 0
cubeos-api/internal/managers/system.go:185.2,185.12 1 0
cubeos-api/internal/managers/system.go:189.60,213.2 5 0
cubeos-api/internal/managers/system.go:216.49,218.41 2 0
cubeos-api/internal/managers/system.go:218.41,220.3 1 0
cubeos-api/internal/managers/system.go:221.2,221.23 1 0
cubeos-api/internal/managers/system.go:225.91,227.16 2 0
cubeos-api/internal/managers/system.go:227.16,229.3 1 0
cubeos-api/internal/managers/system.go:230.2,230.52 1 0
cubeos-api/internal/managers/system.go:234.84,237.16 2 0
cubeos-api/internal/managers/system.go:237.16,240.17 2 0
cubeos-api/internal/managers/system.go:240.17,242.4 1 0
cubeos-api/internal/managers/system.go:244.2,244.63 1 0
cubeos-api/internal/managers/system.go:248.62,259.36 3 0
cubeos-api/internal/managers/system.go:259.36,260.49 1 0
cubeos-api/internal/managers/system.go:260.49,261.90 1 0
cubeos-api/internal/managers/system.go:261.90,263.10 2 0
cubeos-api/internal/managers/system.go:269.2,269.82 1 0
cubeos-api/internal/managers/system.go:269.82,271.73 2 0
cubeos-api/internal/managers/system.go:271.73,272.67 1 0
cubeos-api/internal/managers/system.go:272.67,274.5 1 0
cubeos-api/internal/managers/system.go:279.2,285.37 3 0
cubeos-api/internal/managers/system.go:285.37,286.49 1 0
cubeos-api/internal/managers/system.go:286.49,288.9 2 0
cubeos-api/internal/managers/system.go:293.2,293.24 1 0
cubeos-api/internal/managers/system.go:293.24,294.84 1 0
cubeos-api/internal/managers/system.go:294.84,296.23 2 0
cubeos-api/internal/managers/system.go:296.23,298.5 1 0
cubeos-api/internal/managers/system.go:302.2,309.9 6 0
cubeos-api/internal/managers/system.go:310.24,311.30 1 0
cubeos-api/internal/managers/system.go:312.28,313.25 1 0
cubeos-api/internal/managers/system.go:314.29,315.24 1 0
cubeos-api/internal/managers/system.go:316.29,317.25 1 0
cubeos-api/internal/managers/system.go:318.27,319.27 1 0
cubeos-api/internal/managers/system.go:322.2,322.15 1 0
cubeos-api/internal/managers/system.go:326.62,344.2 4 0
cubeos-api/internal/managers/system.go:347.57,365.2 4 0
cubeos-api/internal/managers/system.go:368.73,370.16 2 0
cubeos-api/internal/managers/system.go:370.16,372.3 1 0
cubeos-api/internal/managers/system.go:373.2,373.41 1 0
cubeos-api/internal/managers/system.go:377.79,378.22 1 0
cubeos-api/internal/managers/system.go:378.22,380.35 2 0
cubeos-api/internal/managers/system.go:380.35,382.4 1 0
cubeos-api/internal/managers/system.go:383.3,389.9 2 0
cubeos-api/internal/managers/system.go:393.2,393.12 1 0
cubeos-api/internal/managers/system.go:393.12,396.3 2 0
cubeos-api/internal/managers/system.go:398.2,402.8 1 0
cubeos-api/internal/managers/system.go:406.81,407.22 1 0
cubeos-api/internal/managers/system.go:407.22,409.35 2 0
cubeos-api/internal/managers/system.go:409.35,411.4 1 0
cubeos-api/internal/managers/system.go:412.3,418.9 2 0
cubeos-api/internal/managers/system.go:421.2,421.12 1 0
cubeos-api/internal/managers/system.go:421.12,424.3 2 0
cubeos-api/internal/managers/system.go:426.2,430.8 1 0
cubeos-api/internal/managers/system.go:434.71,436.34 2 0
cubeos-api/internal/managers/system.go:436.34,441.3 1 0
cubeos-api/internal/managers/system.go:442.2,445.8 1 0
cubeos-api/internal/managers/system.go:449.84,463.16 7 0
cubeos-api/internal/managers/system.go:463.16,465.3 1 0
cubeos-api/internal/managers/system.go:467.2,468.21 2 0
cubeos-api/internal/managers/system.go:468.21,471.22 3 0
cubeos-api/internal/managers/system.go:471.22,472.12 1 0
cubeos-api/internal/managers/system.go:474.3,474.19 1 0
cubeos-api/internal/managers/system.go:475.22,476.27 1 0
cubeos-api/internal/managers/system.go:477.19,478.30 1 0
cubeos-api/internal/managers/system.go:479.18,480.65 1 0
cubeos-api/internal/managers/system.go:480.65,482.5 1 0
cubeos-api/internal/managers/system.go:486.2,486.15 1 0
cubeos-api/internal/managers/system.go:490.66,493.2 2 0
cubeos-api/internal/managers/system.go:496.77,500.45 3 0
cubeos-api/internal/managers/system.go:500.45,502.3 1 0
cubeos-api/internal/managers/system.go:502.8,504.3 1 0
cubeos-api/internal/managers/system.go:506.2,506.8 1 0
cubeos-api/internal/managers/system.go:510.45,517.14 6 0
cubeos-api/internal/managers/system.go:517.14,519.3 1 0
cubeos-api/internal/managers/system.go:520.2,520.15 1 0
cubeos-api/internal/managers/system.go:520.15,522.3 1 0
cubeos-api/internal/managers/system.go:523.2,523.17 1 0
cubeos-api/internal/managers/system.go:523.17,525.3 1 0
cubeos-api/internal/managers/system.go:526.2,528.33 2 0
cubeos-api/internal/managers/system.go:532.74,536.16 3 0
cubeos-api/internal/managers/system.go:536.16,538.3 1 0
cubeos-api/internal/managers/system.go:540.2,542.32 3 0
cubeos-api/internal/managers/system.go:542.32,544.3 1 0
cubeos-api/internal/managers/system.go:546.2,546.35 1 0
cubeos-api/internal/managers/system.go:546.35,554.32 2 0
cubeos-api/internal/managers/system.go:554.32,556.4 1 0
cubeos-api/internal/managers/system.go:558.3,559.30 2 0
cubeos-api/internal/managers/system.go:559.30,560.42 1 0
cubeos-api/internal/managers/system.go:560.42,561.30 1 0
cubeos-api/internal/managers/system.go:561.30,563.6 1 0
cubeos-api/internal/managers/system.go:563.11,565.6 1 0
cubeos-api/internal/managers/system.go:569.3,569.38 1 0
cubeos-api/internal/managers/system.go:569.38,576.4 6 0
cubeos-api/internal/managers/system.go:578.3,578.30 1 0
cubeos-api/internal/managers/system.go:581.2,581.15 1 0
cubeos-api/internal/managers/system.go:585.54,591.16 4 0
cubeos-api/internal/managers/system.go:591.16,594.3 2 0
cubeos-api/internal/managers/system.go:596.2,596.16 1 0
cubeos-api/internal/managers/system.go:596.16,609.3 1 0
cubeos-api/internal/managers/system.go:612.2,613.16 2 0
cubeos-api/internal/managers/system.go:613.16,615.3 1 0
cubeos-api/internal/managers/system.go:617.2,618.31 2 0
cubeos-api/internal/managers/system.go:618.31,619.25 1 0
cubeos-api/internal/managers/system.go:619.25,620.12 1 0
cubeos-api/internal/managers/system.go:623.3,630.27 1 0
cubeos-api/internal/managers/system.go:630.27,631.12 1 0
cubeos-api/internal/managers/system.go:633.3,636.17 3 0
cubeos-api/internal/managers/system.go:636.17,637.12 1 0
cubeos-api/internal/managers/system.go:640.3,651.5 1 0
cubeos-api/internal/managers/system.go:654.2,654.15 1 0
cubeos-api/internal/managers/system.go:657.37,659.18 2 0
cubeos-api/internal/managers/system.go:659.18,661.3 1 0
cubeos-api/internal/managers/system.go:662.2,663.46 2 0
cubeos-api/internal/managers/system.go:663.46,666.3 2 0
cubeos-api/internal/managers/system.go:667.2,667.76 1 0
cubeos-api/internal/managers/system.go:671.70,675.26 3 0
cubeos-api/internal/managers/system.go:675.26,679.3 3 0
cubeos-api/internal/managers/system.go:681.2,686.3 1 0
cubeos-api/internal/managers/system.go:690.96,694.16 3 0
cubeos-api/internal/managers/system.go:694.16,696.3 1 0
cubeos-api/internal/managers/system.go:698.2,698.32 1 0
cubeos-api/internal/managers/system.go:698.32,699.21 1 0
cubeos-api/internal/managers/system.go:699.21,700.12 1 0
cubeos-api/internal/managers/system.go:703.3,711.5 3 0
cubeos-api/internal/managers/system.go:714.2,714.18 1 0
cubeos-api/internal/managers/system.go:717.36,719.72 2 0
cubeos-api/internal/managers/system.go:719.72,720.34 1 0
cubeos-api/internal/managers/system.go:720.34,722.4 1 0
cubeos-api/internal/managers/system.go:723.3,723.13 1 0
cubeos-api/internal/managers/system.go:725.2,725.13 1 0
cubeos-api/internal/managers/system.go:738.80,753.26 4 0
cubeos-api/internal/managers/system.go:753.26,754.58 1 0
cubeos-api/internal/managers/system.go:754.58,756.9 2 0
cubeos-api/internal/managers/system.go:760.2,760.19 1 0
cubeos-api/internal/managers/system.go:760.19,762.3 1 0
cubeos-api/internal/managers/system.go:765.2,766.16 2 0
cubeos-api/internal/managers/system.go:766.16,768.3 1 0
cubeos-api/internal/managers/system.go:770.2,770.32 1 0
cubeos-api/internal/managers/system.go:770.32,771.21 1 0
cubeos-api/internal/managers/system.go:771.21,772.12 1 0
cubeos-api/internal/managers/system.go:775.3,786.65 4 0
cubeos-api/internal/managers/system.go:786.65,790.4 3 0
cubeos-api/internal/managers/system.go:790.9,797.4 5 0
cubeos-api/internal/managers/system.go:799.3,799.36 1 0
cubeos-api/internal/managers/system.go:802.2,802.17 1 0
cubeos-api/internal/managers/system.go:806.41,808.18 2 0
cubeos-api/internal/managers/system.go:808.18,810.3 1 0
cubeos-api/internal/managers/system.go:811.2,812.46 2 0
cubeos-api/internal/managers/system.go:812.46,815.3 2 0
cubeos-api/internal/managers/system.go:816.2,816.76 1 0
cubeos-api/internal/managers/wizard.go:19.81,21.2 1 0
cubeos-api/internal/managers/wizard.go:84.62,92.34 5 0
cubeos-api/internal/managers/wizard.go:92.34,93.18 1 0
cubeos-api/internal/managers/wizard.go:93.18,96.4 2 0
cubeos-api/internal/managers/wizard.go:99.2,99.43 1 0
cubeos-api/internal/managers/wizard.go:99.43,103.19 3 0
cubeos-api/internal/managers/wizard.go:103.19,106.4 2 0
cubeos-api/internal/managers/wizard.go:109.3,110.36 2 0
cubeos-api/internal/managers/wizard.go:110.36,111.36 1 0
cubeos-api/internal/managers/wizard.go:111.36,112.28 1 0
cubeos-api/internal/managers/wizard.go:112.28,114.11 2 0
cubeos-api/internal/managers/wizard.go:119.3,120.31 2 0
cubeos-api/internal/managers/wizard.go:120.31,122.4 1 0
cubeos-api/internal/managers/wizard.go:123.3,132.5 2 0
cubeos-api/internal/managers/wizard.go:136.2,136.43 1 0
cubeos-api/internal/managers/wizard.go:136.43,138.3 1 0
cubeos-api/internal/managers/wizard.go:140.2,140.17 1 0
cubeos-api/internal/managers/wizard.go:144.75,149.31 3 0
cubeos-api/internal/managers/wizard.go:149.31,150.17 1 0
cubeos-api/internal/managers/wizard.go:150.17,151.12 1 0
cubeos-api/internal/managers/wizard.go:154.3,163.73 2 0
cubeos-api/internal/managers/wizard.go:166.2,169.48 3 0
cubeos-api/internal/managers/wizard.go:169.48,171.28 2 0
cubeos-api/internal/managers/wizard.go:171.28,172.12 1 0
cubeos-api/internal/managers/wizard.go:175.3,183.29 2 0
cubeos-api/internal/managers/wizard.go:187.2,187.45 1 0
cubeos-api/internal/managers/wizard.go:187.45,189.3 1 0
cubeos-api/internal/managers/wizard.go:191.2,194.3 1 0
cubeos-api/internal/managers/wizard.go:198.131,200.9 2 0
cubeos-api/internal/managers/wizard.go:200.9,205.3 1 0
cubeos-api/internal/managers/wizard.go:208.2,210.25 2 0
cubeos-api/internal/managers/wizard.go:210.25,213.32 2 0
cubeos-api/internal/managers/wizard.go:213.32,214.19 1 0
cubeos-api/internal/managers/wizard.go:214.19,216.5 1 0
cubeos-api/internal/managers/wizard.go:218.8,219.40 1 0
cubeos-api/internal/managers/wizard.go:219.40,221.4 1 0
cubeos-api/internal/managers/wizard.go:225.2,225.41 1 0
cubeos-api/internal/managers/wizard.go:225.41,227.3 1 0
cubeos-api/internal/managers/wizard.go:230.2,230.39 1 0
cubeos-api/internal/managers/wizard.go:230.39,232.3 1 0
cubeos-api/internal/managers/wizard.go:235.2,237.31 3 0
cubeos-api/internal/managers/wizard.go:237.31,238.18 1 0
cubeos-api/internal/managers/wizard.go:238.18,240.4 1 0
cubeos-api/internal/managers/wizard.go:243.2,250.37 5 0
cubeos-api/internal/managers/wizard.go:250.37,251.25 1 0
cubeos-api/internal/managers/wizard.go:251.25,252.67 1 0
cubeos-api/internal/managers/wizard.go:252.67,254.5 1 0
cubeos-api/internal/managers/wizard.go:259.2,259.32 1 0
cubeos-api/internal/managers/wizard.go:259.32,260.63 1 0
cubeos-api/internal/managers/wizard.go:260.63,264.33 2 0
cubeos-api/internal/managers/wizard.go:264.33,265.28 1 0
cubeos-api/internal/managers/wizard.go:265.28,267.11 2 0
cubeos-api/internal/managers/wizard.go:273.2,279.3 1 0
cubeos-api/internal/managers/wizard.go:283.85,287.43 2 0
cubeos-api/internal/managers/wizard.go:287.43,289.3 1 0
cubeos-api/internal/managers/wizard.go:292.2,296.31 4 0
cubeos-api/internal/managers/wizard.go:296.31,297.17 1 0
cubeos-api/internal/managers/wizard.go:297.17,298.12 1 0
cubeos-api/internal/managers/wizard.go:300.3,300.45 1 0
cubeos-api/internal/managers/wizard.go:300.45,303.4 2 0
cubeos-api/internal/managers/wizard.go:307.2,310.50 3 0
cubeos-api/internal/managers/wizard.go:310.50,311.26 1 0
cubeos-api/internal/managers/wizard.go:311.26,312.12 1 0
cubeos-api/internal/managers/wizard.go:316.3,318.37 3 0
cubeos-api/internal/managers/wizard.go:318.37,320.4 1 0
cubeos-api/internal/managers/wizard.go:322.3,322.40 1 0
cubeos-api/internal/managers/wizard.go:322.40,323.23 1 0
cubeos-api/internal/managers/wizard.go:323.23,325.5 1 0
cubeos-api/internal/managers/wizard.go:328.3,328.68 1 0
cubeos-api/internal/managers/wizard.go:328.68,331.4 2 0
cubeos-api/internal/managers/wizard.go:334.2,340.3 1 0
cubeos-api/internal/managers/wizard.go:344.89,352.31 6 0
cubeos-api/internal/managers/wizard.go:352.31,354.3 1 0
cubeos-api/internal/managers/wizard.go:356.2,356.36 1 0
cubeos-api/internal/managers/wizard.go:356.36,357.38 1 0
cubeos-api/internal/managers/wizard.go:357.38,360.4 2 0
cubeos-api/internal/managers/wizard.go:360.9,362.4 1 0
cubeos-api/internal/managers/wizard.go:365.2,370.3 1 0
